Linked: (/home/weiminn/catkin_ws/devel/.private/global_planner/share/common-lisp/ros/global_planner/msg/_package.lisp, /home/weiminn/catkin_ws/devel/share/common-lisp/ros/global_planner/msg/_package.lisp)
Linked: (/home/weiminn/catkin_ws/devel/.private/global_planner/share/common-lisp/ros/global_planner/msg/PathWithRiskMsg.lisp, /home/weiminn/catkin_ws/devel/share/common-lisp/ros/global_planner/msg/PathWithRiskMsg.lisp)
Linked: (/home/weiminn/catkin_ws/devel/.private/global_planner/share/common-lisp/ros/global_planner/msg/global_planner-msg.asd, /home/weiminn/catkin_ws/devel/share/common-lisp/ros/global_planner/msg/global_planner-msg.asd)
Linked: (/home/weiminn/catkin_ws/devel/.private/global_planner/share/common-lisp/ros/global_planner/msg/_package_PathWithRiskMsg.lisp, /home/weiminn/catkin_ws/devel/share/common-lisp/ros/global_planner/msg/_package_PathWithRiskMsg.lisp)
Linked: (/home/weiminn/catkin_ws/devel/.private/global_planner/share/roseus/ros/global_planner/manifest.l, /home/weiminn/catkin_ws/devel/share/roseus/ros/global_planner/manifest.l)
Linked: (/home/weiminn/catkin_ws/devel/.private/global_planner/share/roseus/ros/global_planner/msg/PathWithRiskMsg.l, /home/weiminn/catkin_ws/devel/share/roseus/ros/global_planner/msg/PathWithRiskMsg.l)
Linked: (/home/weiminn/catkin_ws/devel/.private/global_planner/share/global_planner/docs/GlobalPlannerNodeConfig.dox, /home/weiminn/catkin_ws/devel/share/global_planner/docs/GlobalPlannerNodeConfig.dox)
Linked: (/home/weiminn/catkin_ws/devel/.private/global_planner/share/global_planner/docs/GlobalPlannerNodeConfig.wikidoc, /home/weiminn/catkin_ws/devel/share/global_planner/docs/GlobalPlannerNodeConfig.wikidoc)
Linked: (/home/weiminn/catkin_ws/devel/.private/global_planner/share/global_planner/docs/GlobalPlannerNodeConfig-usage.dox, /home/weiminn/catkin_ws/devel/share/global_planner/docs/GlobalPlannerNodeConfig-usage.dox)
Linked: (/home/weiminn/catkin_ws/devel/.private/global_planner/share/global_planner/cmake/global_plannerConfig.cmake, /home/weiminn/catkin_ws/devel/share/global_planner/cmake/global_plannerConfig.cmake)
Linked: (/home/weiminn/catkin_ws/devel/.private/global_planner/share/global_planner/cmake/global_planner-msg-extras.cmake, /home/weiminn/catkin_ws/devel/share/global_planner/cmake/global_planner-msg-extras.cmake)
Linked: (/home/weiminn/catkin_ws/devel/.private/global_planner/share/global_planner/cmake/global_planner-msg-paths.cmake, /home/weiminn/catkin_ws/devel/share/global_planner/cmake/global_planner-msg-paths.cmake)
Linked: (/home/weiminn/catkin_ws/devel/.private/global_planner/share/global_planner/cmake/global_plannerConfig-version.cmake, /home/weiminn/catkin_ws/devel/share/global_planner/cmake/global_plannerConfig-version.cmake)
Linked: (/home/weiminn/catkin_ws/devel/.private/global_planner/share/gennodejs/ros/global_planner/_index.js, /home/weiminn/catkin_ws/devel/share/gennodejs/ros/global_planner/_index.js)
Linked: (/home/weiminn/catkin_ws/devel/.private/global_planner/share/gennodejs/ros/global_planner/msg/PathWithRiskMsg.js, /home/weiminn/catkin_ws/devel/share/gennodejs/ros/global_planner/msg/PathWithRiskMsg.js)
Linked: (/home/weiminn/catkin_ws/devel/.private/global_planner/share/gennodejs/ros/global_planner/msg/_index.js, /home/weiminn/catkin_ws/devel/share/gennodejs/ros/global_planner/msg/_index.js)
Linked: (/home/weiminn/catkin_ws/devel/.private/global_planner/include/global_planner/GlobalPlannerNodeConfig.h, /home/weiminn/catkin_ws/devel/include/global_planner/GlobalPlannerNodeConfig.h)
Linked: (/home/weiminn/catkin_ws/devel/.private/global_planner/include/global_planner/PathWithRiskMsg.h, /home/weiminn/catkin_ws/devel/include/global_planner/PathWithRiskMsg.h)
Linked: (/home/weiminn/catkin_ws/devel/.private/global_planner/lib/libglobal_planner.so, /home/weiminn/catkin_ws/devel/lib/libglobal_planner.so)
Linked: (/home/weiminn/catkin_ws/devel/.private/global_planner/lib/global_planner/global_planner_node, /home/weiminn/catkin_ws/devel/lib/global_planner/global_planner_node)
Linked: (/home/weiminn/catkin_ws/devel/.private/global_planner/lib/python3/dist-packages/global_planner/__init__.py, /home/weiminn/catkin_ws/devel/lib/python3/dist-packages/global_planner/__init__.py)
Linked: (/home/weiminn/catkin_ws/devel/.private/global_planner/lib/python3/dist-packages/global_planner/cfg/__init__.py, /home/weiminn/catkin_ws/devel/lib/python3/dist-packages/global_planner/cfg/__init__.py)
Linked: (/home/weiminn/catkin_ws/devel/.private/global_planner/lib/python3/dist-packages/global_planner/cfg/GlobalPlannerNodeConfig.py, /home/weiminn/catkin_ws/devel/lib/python3/dist-packages/global_planner/cfg/GlobalPlannerNodeConfig.py)
Linked: (/home/weiminn/catkin_ws/devel/.private/global_planner/lib/python3/dist-packages/global_planner/msg/_PathWithRiskMsg.py, /home/weiminn/catkin_ws/devel/lib/python3/dist-packages/global_planner/msg/_PathWithRiskMsg.py)
Linked: (/home/weiminn/catkin_ws/devel/.private/global_planner/lib/python3/dist-packages/global_planner/msg/__init__.py, /home/weiminn/catkin_ws/devel/lib/python3/dist-packages/global_planner/msg/__init__.py)
Linked: (/home/weiminn/catkin_ws/devel/.private/global_planner/lib/pkgconfig/global_planner.pc, /home/weiminn/catkin_ws/devel/lib/pkgconfig/global_planner.pc)
