Symlinking /home/weiminn/catkin_ws/devel/share/common-lisp/ros/global_planner/msg/_package.lisp
Symlinking /home/weiminn/catkin_ws/devel/share/common-lisp/ros/global_planner/msg/PathWithRiskMsg.lisp
Symlinking /home/weiminn/catkin_ws/devel/share/common-lisp/ros/global_planner/msg/global_planner-msg.asd
Symlinking /home/weiminn/catkin_ws/devel/share/common-lisp/ros/global_planner/msg/_package_PathWithRiskMsg.lisp
Symlinking /home/weiminn/catkin_ws/devel/share/roseus/ros/global_planner/manifest.l
Symlinking /home/weiminn/catkin_ws/devel/share/roseus/ros/global_planner/msg/PathWithRiskMsg.l
Symlinking /home/weiminn/catkin_ws/devel/share/global_planner/docs/GlobalPlannerNodeConfig.dox
Symlinking /home/weiminn/catkin_ws/devel/share/global_planner/docs/GlobalPlannerNodeConfig.wikidoc
Symlinking /home/weiminn/catkin_ws/devel/share/global_planner/docs/GlobalPlannerNodeConfig-usage.dox
Symlinking /home/weiminn/catkin_ws/devel/share/global_planner/cmake/global_plannerConfig.cmake
Symlinking /home/weiminn/catkin_ws/devel/share/global_planner/cmake/global_planner-msg-extras.cmake
Symlinking /home/weiminn/catkin_ws/devel/share/global_planner/cmake/global_planner-msg-paths.cmake
Symlinking /home/weiminn/catkin_ws/devel/share/global_planner/cmake/global_plannerConfig-version.cmake
Symlinking /home/weiminn/catkin_ws/devel/share/gennodejs/ros/global_planner/_index.js
Symlinking /home/weiminn/catkin_ws/devel/share/gennodejs/ros/global_planner/msg/PathWithRiskMsg.js
Symlinking /home/weiminn/catkin_ws/devel/share/gennodejs/ros/global_planner/msg/_index.js
Symlinking /home/weiminn/catkin_ws/devel/include/global_planner/GlobalPlannerNodeConfig.h
Symlinking /home/weiminn/catkin_ws/devel/include/global_planner/PathWithRiskMsg.h
Symlinking /home/weiminn/catkin_ws/devel/lib/libglobal_planner.so
Symlinking /home/weiminn/catkin_ws/devel/lib/global_planner/global_planner_node
Symlinking /home/weiminn/catkin_ws/devel/lib/python3/dist-packages/global_planner/__init__.py
Symlinking /home/weiminn/catkin_ws/devel/lib/python3/dist-packages/global_planner/cfg/__init__.py
Symlinking /home/weiminn/catkin_ws/devel/lib/python3/dist-packages/global_planner/cfg/GlobalPlannerNodeConfig.py
Symlinking /home/weiminn/catkin_ws/devel/lib/python3/dist-packages/global_planner/msg/_PathWithRiskMsg.py
Symlinking /home/weiminn/catkin_ws/devel/lib/python3/dist-packages/global_planner/msg/__init__.py
Symlinking /home/weiminn/catkin_ws/devel/lib/pkgconfig/global_planner.pc
