Not searching for unused variables given on the command line.
[36m--[0m Using CATKIN_DEVEL_PREFIX: /home/weiminn/catkin_ws/devel/.private/eth_exercise
[36m--[0m Using CMAKE_PREFIX_PATH: /home/weiminn/catkin_ws/devel;/opt/ros/noetic
[36m--[0m This workspace overlays: /home/weiminn/catkin_ws/devel;/opt/ros/noetic
[36m--[0m Found PythonInterp: /usr/bin/python3 (found suitable version "3.8.10", minimum required is "3")
[36m--[0m Using PYTHON_EXECUTABLE: /usr/bin/python3
[36m--[0m Using Debian Python package layout
[36m--[0m Using empy: /home/weiminn/.local/lib/python3.8/site-packages/em.py
[36m--[0m Using CATKIN_ENABLE_TESTING: ON
[36m--[0m Call enable_testing()
[36m--[0m Using CATKIN_TEST_RESULTS_DIR: /home/weiminn/catkin_ws/build/eth_exercise/test_results
[36m--[0m Forcing gtest/gmock from source, though one was otherwise available.
[36m--[0m Found gtest sources under '/usr/src/googletest': gtests will be built
[36m--[0m Found gmock sources under '/usr/src/googletest': gmock will be built
[36m--[0m Found PythonInterp: /usr/bin/python3 (found version "3.8.10")
[36m--[0m Using Python nosetests: /usr/bin/nosetests3
[36m--[0m catkin 0.8.10
[36m--[0m BUILD_SHARED_LIBS is on
[31m[1mCMake Error[0m at /home/weiminn/catkin_ws/src/eth_exercise/CMakeLists.txt:136 (add_executable):
  add_executable cannot create target "eth_exercise_core" because another
  target with the same name already exists.  The existing target is a shared
  library created in source directory
  "/home/weiminn/catkin_ws/src/eth_exercise".  See documentation for policy
  CMP0002 for more details.


[36m--[0m Configuring incomplete, errors occurred!
See also "/home/weiminn/catkin_ws/build/eth_exercise/CMakeFiles/CMakeOutput.log".
See also "/home/weiminn/catkin_ws/build/eth_exercise/CMakeFiles/CMakeError.log".
