[  0%] Built target nav_msgs_generate_messages_eus
[  0%] Built target bond_generate_messages_py
[  0%] Built target tf2_msgs_generate_messages_nodejs
[  0%] Built target nodelet_generate_messages_py
[  2%] Built target gazebo_ros_template
[  2%] Built target bond_generate_messages_nodejs
[  2%] Built target roscpp_generate_messages_nodejs
[  4%] Built target gazebo_ros_hand_of_god
[  8%] Built target gazebo_ros_ft_sensor
[  9%] Built target gazebo_ros_skid_steer_drive
[ 14%] Built target gazebo_ros_range_iq
[ 14%] Built target gazebo_ros_vacuum_gripper
[ 14%] Built target rosgraph_msgs_generate_messages_nodejs
[ 16%] Built target gazebo_ros_planar_move
[ 18%] Built target rosgraph_msgs_generate_messages_cpp
[ 19%] Built target gazebo_ros_utils
[ 19%] Built target trajectory_msgs_generate_messages_py
[ 19%] Built target nodelet_generate_messages_nodejs
[ 21%] Built target gazebo_ros_video
[ 21%] Built target roscpp_generate_messages_eus
[ 21%] Built target actionlib_generate_messages_eus
[ 21%] Built target std_srvs_generate_messages_eus
[ 21%] Built target sensor_msgs_generate_messages_nodejs
[ 21%] Built target bond_generate_messages_cpp
[ 21%] Built target rosgraph_msgs_generate_messages_eus
[ 21%] Built target polled_camera_generate_messages_nodejs
[ 21%] Built target actionlib_msgs_generate_messages_lisp
[ 21%] Built target dynamic_reconfigure_generate_messages_nodejs
[ 21%] Built target tf2_msgs_generate_messages_py
[ 21%] Built target roscpp_generate_messages_py
[ 21%] Built target gazebo_msgs_generate_messages_lisp
[ 21%] Built target actionlib_msgs_generate_messages_nodejs
[ 21%] Built target trajectory_msgs_generate_messages_eus
[ 21%] Built target tf_generate_messages_py
[ 21%] Built target geometry_msgs_generate_messages_lisp
[ 21%] Built target std_msgs_generate_messages_cpp
[ 21%] Built target gazebo_msgs_generate_messages_eus
[ 21%] Built target dynamic_reconfigure_generate_messages_eus
[ 21%] Built target std_srvs_generate_messages_cpp
[ 21%] Built target diagnostic_msgs_generate_messages_cpp
[ 21%] Built target geometry_msgs_generate_messages_nodejs
[ 21%] Built target std_msgs_generate_messages_lisp
[ 21%] Built target rosgraph_msgs_generate_messages_lisp
[ 21%] Built target trajectory_msgs_generate_messages_cpp
[ 21%] Built target nav_msgs_generate_messages_cpp
[ 21%] Built target gazebo_msgs_generate_messages_cpp
[ 21%] Built target visualization_msgs_generate_messages_eus
[ 21%] Built target nodelet_generate_messages_lisp
[ 21%] Built target std_srvs_generate_messages_lisp
[ 21%] Built target roscpp_generate_messages_lisp
[ 21%] Built target std_msgs_generate_messages_eus
[ 21%] Built target actionlib_generate_messages_lisp
[ 21%] Built target gazebo_msgs_generate_messages_py
[ 21%] Built target _catkin_empty_exported_target
[ 21%] Built target std_msgs_generate_messages_py
[ 21%] Built target nav_msgs_generate_messages_nodejs
[ 21%] Built target diagnostic_msgs_generate_messages_eus
[ 21%] Built target std_msgs_generate_messages_nodejs
[ 21%] Built target sensor_msgs_generate_messages_cpp
[ 21%] Built target nodelet_generate_messages_eus
[ 21%] Built target gazebo_msgs_generate_messages_nodejs
[ 21%] Built target trajectory_msgs_generate_messages_lisp
[ 21%] Built target geometry_msgs_generate_messages_eus
[ 21%] Built target trajectory_msgs_generate_messages_nodejs
[ 21%] Built target tf2_msgs_generate_messages_eus
[ 21%] Built target geometry_msgs_generate_messages_py
[ 21%] Built target geometry_msgs_generate_messages_cpp
[ 21%] Built target roscpp_generate_messages_cpp
[ 21%] Built target visualization_msgs_generate_messages_cpp
[ 21%] Built target sensor_msgs_generate_messages_eus
[ 21%] Built target tf_generate_messages_eus
[ 21%] Built target tf_generate_messages_lisp
[ 21%] Built target dynamic_reconfigure_generate_messages_py
[ 21%] Built target actionlib_msgs_generate_messages_eus
[ 21%] Built target actionlib_msgs_generate_messages_cpp
[ 21%] Built target actionlib_msgs_generate_messages_py
[ 21%] Built target tf_generate_messages_cpp
[ 21%] Built target tf_generate_messages_nodejs
[ 21%] Built target actionlib_generate_messages_nodejs
[ 21%] Built target diagnostic_msgs_generate_messages_lisp
[ 21%] Built target std_srvs_generate_messages_py
[ 21%] Built target actionlib_generate_messages_cpp
[ 21%] Built target bond_generate_messages_lisp
[ 21%] Built target actionlib_generate_messages_py
[ 21%] Built target nav_msgs_generate_messages_lisp
[ 21%] Built target tf2_msgs_generate_messages_cpp
[ 21%] Built target dynamic_reconfigure_generate_messages_lisp
[ 21%] Built target tf2_msgs_generate_messages_lisp
[ 21%] Built target diagnostic_msgs_generate_messages_py
[ 21%] Built target dynamic_reconfigure_generate_messages_cpp
[ 21%] Built target dynamic_reconfigure_gencfg
[ 21%] Built target polled_camera_generate_messages_eus
[ 21%] Built target polled_camera_generate_messages_lisp
[ 21%] Built target visualization_msgs_generate_messages_lisp
[ 21%] Built target polled_camera_generate_messages_py
[ 21%] Built target rosgraph_msgs_generate_messages_py
[ 21%] Built target polled_camera_generate_messages_cpp
[ 21%] Built target bond_generate_messages_eus
[ 21%] Built target visualization_msgs_generate_messages_nodejs
[ 21%] Built target diagnostic_msgs_generate_messages_nodejs
[ 21%] Built target visualization_msgs_generate_messages_py
[ 21%] Built target std_srvs_generate_messages_nodejs
[ 21%] Built target nav_msgs_generate_messages_py
[ 21%] Built target sensor_msgs_generate_messages_py
[ 21%] Built target sensor_msgs_generate_messages_lisp
[ 21%] Built target nodelet_generate_messages_cpp
[ 27%] Built target gazebo_ros_tricycle_drive
[ 27%] Built target gazebo_ros_projector
[ 28%] Built target gazebo_ros_f3d
[ 33%] Built target gazebo_ros_force
[ 33%] Built target MultiCameraPlugin
[ 39%] Built target gazebo_plugins_gencfg
[ 42%] Built target gazebo_ros_imu_sensor
[ 44%] Built target gazebo_ros_block_laser
[ 46%] Built target gazebo_ros_joint_pose_trajectory
[ 49%] Built target gazebo_ros_gpu_laser
[ 54%] Built target gazebo_ros_imu
[ 54%] Built target gazebo_ros_p3d
[ 56%] Built target gazebo_ros_laser
[ 59%] Built target gazebo_ros_joint_state_publisher
[ 63%] Built target pub_joint_trajectory_test
[ 63%] Built target gazebo_ros_diff_drive
[ 66%] Built target hokuyo_node
[ 68%] Built target vision_reconfigure
[ 71%] Built target gazebo_ros_harness
[ 73%] Built target gazebo_ros_elevator
[ 78%] Built target gazebo_ros_camera_utils
[ 78%] Built target gazebo_ros_bumper
[ 80%] Built target gazebo_ros_wheel_slip
[ 83%] Built target camera_synchronizer
[ 85%] Built target gazebo_ros_openni_kinect
[ 87%] Built target gazebo_ros_multicamera
[ 90%] Built target gazebo_ros_prosilica
[ 92%] Built target gazebo_ros_depth_camera
[ 95%] Built target gazebo_ros_triggered_camera
[ 97%] Built target gazebo_ros_camera
[100%] Built target gazebo_ros_triggered_multicamera
