[35m[1mScanning dependencies of target gazebo_ros_template[0m
[35m[1mScanning dependencies of target gazebo_ros_vacuum_gripper[0m
[35m[1mScanning dependencies of target gazebo_ros_planar_move[0m
[35m[1mScanning dependencies of target gazebo_ros_hand_of_god[0m
[35m[1mScanning dependencies of target gazebo_ros_range_iq[0m
[35m[1mScanning dependencies of target tf2_msgs_generate_messages_nodejs[0m
[35m[1mScanning dependencies of target bond_generate_messages_py[0m
[35m[1mScanning dependencies of target gazebo_ros_ft_sensor[0m
[35m[1mScanning dependencies of target nav_msgs_generate_messages_eus[0m
[35m[1mScanning dependencies of target gazebo_ros_utils[0m
[35m[1mScanning dependencies of target gazebo_ros_skid_steer_drive[0m
[35m[1mScanning dependencies of target gazebo_ros_video[0m
[  0%] Built target tf2_msgs_generate_messages_nodejs
[  0%] Built target bond_generate_messages_py
[  0%] Built target nav_msgs_generate_messages_eus
[35m[1mScanning dependencies of target bond_generate_messages_nodejs[0m
[35m[1mScanning dependencies of target nodelet_generate_messages_py[0m
[35m[1mScanning dependencies of target nodelet_generate_messages_nodejs[0m
[  0%] Built target bond_generate_messages_nodejs
[  0%] Built target nodelet_generate_messages_py
[  0%] Built target nodelet_generate_messages_nodejs
[35m[1mScanning dependencies of target rosgraph_msgs_generate_messages_nodejs[0m
[35m[1mScanning dependencies of target roscpp_generate_messages_nodejs[0m
[35m[1mScanning dependencies of target roscpp_generate_messages_eus[0m
[  0%] Built target rosgraph_msgs_generate_messages_nodejs
[  0%] Built target roscpp_generate_messages_nodejs
[  0%] Built target roscpp_generate_messages_eus
[35m[1mScanning dependencies of target rosgraph_msgs_generate_messages_cpp[0m
[35m[1mScanning dependencies of target actionlib_generate_messages_eus[0m
[35m[1mScanning dependencies of target trajectory_msgs_generate_messages_py[0m
[  0%] Built target rosgraph_msgs_generate_messages_cpp
[  0%] Built target actionlib_generate_messages_eus
[35m[1mScanning dependencies of target rosgraph_msgs_generate_messages_eus[0m
[  0%] Built target trajectory_msgs_generate_messages_py
[  1%] [32mBuilding CXX object CMakeFiles/gazebo_ros_template.dir/src/gazebo_ros_template.cpp.o[0m
[  1%] Built target rosgraph_msgs_generate_messages_eus
[35m[1mScanning dependencies of target std_srvs_generate_messages_eus[0m
[  2%] [32mBuilding CXX object CMakeFiles/gazebo_ros_hand_of_god.dir/src/gazebo_ros_hand_of_god.cpp.o[0m
[35m[1mScanning dependencies of target polled_camera_generate_messages_nodejs[0m
[  3%] [32mBuilding CXX object CMakeFiles/gazebo_ros_vacuum_gripper.dir/src/gazebo_ros_vacuum_gripper.cpp.o[0m
[  4%] [32mBuilding CXX object CMakeFiles/gazebo_ros_ft_sensor.dir/src/gazebo_ros_ft_sensor.cpp.o[0m
[  6%] [32mBuilding CXX object CMakeFiles/gazebo_ros_utils.dir/src/gazebo_ros_utils.cpp.o[0m
[35m[1mScanning dependencies of target bond_generate_messages_cpp[0m
[  7%] [32mBuilding CXX object CMakeFiles/gazebo_ros_planar_move.dir/src/gazebo_ros_planar_move.cpp.o[0m
[  7%] Built target polled_camera_generate_messages_nodejs
[  7%] Built target std_srvs_generate_messages_eus
[  7%] Built target bond_generate_messages_cpp
[  8%] [32mBuilding CXX object CMakeFiles/gazebo_ros_skid_steer_drive.dir/src/gazebo_ros_skid_steer_drive.cpp.o[0m
[35m[1mScanning dependencies of target dynamic_reconfigure_generate_messages_nodejs[0m
[35m[1mScanning dependencies of target tf2_msgs_generate_messages_py[0m
[  8%] Built target dynamic_reconfigure_generate_messages_nodejs
[35m[1mScanning dependencies of target gazebo_msgs_generate_messages_lisp[0m
[  9%] [32mBuilding CXX object CMakeFiles/gazebo_ros_range_iq.dir/src/gazebo_ros_range.cpp.o[0m
[35m[1mScanning dependencies of target roscpp_generate_messages_py[0m
[  9%] Built target gazebo_msgs_generate_messages_lisp
[  9%] Built target tf2_msgs_generate_messages_py
[ 10%] [32mBuilding CXX object CMakeFiles/gazebo_ros_video.dir/src/gazebo_ros_video.cpp.o[0m
[35m[1mScanning dependencies of target sensor_msgs_generate_messages_nodejs[0m
[ 10%] Built target roscpp_generate_messages_py
[35m[1mScanning dependencies of target actionlib_msgs_generate_messages_lisp[0m
[ 12%] [32m[1mLinking CXX shared library /home/weiminn/catkin_ws/devel/.private/gazebo_plugins/lib/libgazebo_ros_hand_of_god.so[0m
[ 13%] [32m[1mLinking CXX shared library /home/weiminn/catkin_ws/devel/.private/gazebo_plugins/lib/libgazebo_ros_ft_sensor.so[0m
[ 14%] [32m[1mLinking CXX shared library /home/weiminn/catkin_ws/devel/.private/gazebo_plugins/lib/libgazebo_ros_vacuum_gripper.so[0m
[ 15%] [32m[1mLinking CXX shared library /home/weiminn/catkin_ws/devel/.private/gazebo_plugins/lib/libgazebo_ros_template.so[0m
[ 15%] Built target sensor_msgs_generate_messages_nodejs
[ 15%] Built target actionlib_msgs_generate_messages_lisp
[ 16%] [32m[1mLinking CXX shared library /home/weiminn/catkin_ws/devel/.private/gazebo_plugins/lib/libgazebo_ros_utils.so[0m
[35m[1mScanning dependencies of target actionlib_msgs_generate_messages_nodejs[0m
[35m[1mScanning dependencies of target geometry_msgs_generate_messages_lisp[0m
[ 18%] [32m[1mLinking CXX shared library /home/weiminn/catkin_ws/devel/.private/gazebo_plugins/lib/libgazebo_ros_planar_move.so[0m
[35m[1mScanning dependencies of target tf_generate_messages_py[0m
[ 19%] [32m[1mLinking CXX shared library /home/weiminn/catkin_ws/devel/.private/gazebo_plugins/lib/libgazebo_ros_skid_steer_drive.so[0m
[ 19%] Built target actionlib_msgs_generate_messages_nodejs
[ 19%] Built target geometry_msgs_generate_messages_lisp
[ 19%] Built target tf_generate_messages_py
[35m[1mScanning dependencies of target dynamic_reconfigure_generate_messages_eus[0m
[35m[1mScanning dependencies of target geometry_msgs_generate_messages_nodejs[0m
[35m[1mScanning dependencies of target gazebo_msgs_generate_messages_eus[0m
[ 19%] Built target geometry_msgs_generate_messages_nodejs
[ 19%] Built target gazebo_msgs_generate_messages_eus
[ 20%] [32m[1mLinking CXX shared library /home/weiminn/catkin_ws/devel/.private/gazebo_plugins/lib/libgazebo_ros_range_iq.so[0m
[35m[1mScanning dependencies of target trajectory_msgs_generate_messages_cpp[0m
[ 21%] [32m[1mLinking CXX shared library /home/weiminn/catkin_ws/devel/.private/gazebo_plugins/lib/libgazebo_ros_video.so[0m
[ 21%] Built target dynamic_reconfigure_generate_messages_eus
[ 21%] Built target trajectory_msgs_generate_messages_cpp
[35m[1mScanning dependencies of target trajectory_msgs_generate_messages_eus[0m
[35m[1mScanning dependencies of target std_msgs_generate_messages_cpp[0m
[35m[1mScanning dependencies of target std_srvs_generate_messages_cpp[0m
[ 21%] Built target std_srvs_generate_messages_cpp
[ 21%] Built target trajectory_msgs_generate_messages_eus
[35m[1mScanning dependencies of target diagnostic_msgs_generate_messages_cpp[0m
[ 21%] Built target std_msgs_generate_messages_cpp
[35m[1mScanning dependencies of target rosgraph_msgs_generate_messages_lisp[0m
[ 21%] Built target rosgraph_msgs_generate_messages_lisp
[35m[1mScanning dependencies of target visualization_msgs_generate_messages_eus[0m
[ 21%] Built target diagnostic_msgs_generate_messages_cpp
[35m[1mScanning dependencies of target nav_msgs_generate_messages_cpp[0m
[ 21%] Built target visualization_msgs_generate_messages_eus
[35m[1mScanning dependencies of target std_msgs_generate_messages_lisp[0m
[ 21%] Built target std_msgs_generate_messages_lisp
[ 21%] Built target nav_msgs_generate_messages_cpp
[35m[1mScanning dependencies of target gazebo_msgs_generate_messages_cpp[0m
[35m[1mScanning dependencies of target std_msgs_generate_messages_eus[0m
[35m[1mScanning dependencies of target std_srvs_generate_messages_lisp[0m
[ 21%] Built target std_msgs_generate_messages_eus
[ 21%] Built target gazebo_msgs_generate_messages_cpp
[ 21%] Built target std_srvs_generate_messages_lisp
[35m[1mScanning dependencies of target actionlib_generate_messages_lisp[0m
[35m[1mScanning dependencies of target roscpp_generate_messages_lisp[0m
[ 21%] Built target actionlib_generate_messages_lisp
[35m[1mScanning dependencies of target _catkin_empty_exported_target[0m
[ 21%] Built target roscpp_generate_messages_lisp
[ 21%] Built target _catkin_empty_exported_target
[35m[1mScanning dependencies of target gazebo_msgs_generate_messages_py[0m
[35m[1mScanning dependencies of target nodelet_generate_messages_lisp[0m
[35m[1mScanning dependencies of target std_msgs_generate_messages_nodejs[0m
[ 21%] Built target nodelet_generate_messages_lisp
[ 21%] Built target gazebo_msgs_generate_messages_py
[ 21%] Built target std_msgs_generate_messages_nodejs
[35m[1mScanning dependencies of target std_msgs_generate_messages_py[0m
[35m[1mScanning dependencies of target sensor_msgs_generate_messages_cpp[0m
[ 21%] Built target std_msgs_generate_messages_py
[35m[1mScanning dependencies of target nav_msgs_generate_messages_nodejs[0m
[ 21%] Built target sensor_msgs_generate_messages_cpp
[ 21%] Built target nav_msgs_generate_messages_nodejs
[35m[1mScanning dependencies of target nodelet_generate_messages_eus[0m
[35m[1mScanning dependencies of target gazebo_msgs_generate_messages_nodejs[0m
[35m[1mScanning dependencies of target diagnostic_msgs_generate_messages_eus[0m
[ 21%] Built target nodelet_generate_messages_eus
[ 21%] Built target gazebo_msgs_generate_messages_nodejs
[35m[1mScanning dependencies of target trajectory_msgs_generate_messages_nodejs[0m
[ 21%] Built target gazebo_ros_template
[35m[1mScanning dependencies of target trajectory_msgs_generate_messages_lisp[0m
[ 21%] Built target diagnostic_msgs_generate_messages_eus
[ 21%] Built target trajectory_msgs_generate_messages_nodejs
[ 21%] Built target trajectory_msgs_generate_messages_lisp
[35m[1mScanning dependencies of target geometry_msgs_generate_messages_cpp[0m
[35m[1mScanning dependencies of target geometry_msgs_generate_messages_eus[0m
[35m[1mScanning dependencies of target tf2_msgs_generate_messages_eus[0m
[ 21%] Built target geometry_msgs_generate_messages_cpp
[ 21%] Built target geometry_msgs_generate_messages_eus
[35m[1mScanning dependencies of target geometry_msgs_generate_messages_py[0m
[ 21%] Built target tf2_msgs_generate_messages_eus
[35m[1mScanning dependencies of target bond_generate_messages_lisp[0m
[ 21%] Built target geometry_msgs_generate_messages_py
[35m[1mScanning dependencies of target sensor_msgs_generate_messages_eus[0m
[ 21%] Built target bond_generate_messages_lisp
[35m[1mScanning dependencies of target tf_generate_messages_eus[0m
[ 21%] Built target sensor_msgs_generate_messages_eus
[35m[1mScanning dependencies of target visualization_msgs_generate_messages_cpp[0m
[35m[1mScanning dependencies of target roscpp_generate_messages_cpp[0m
[ 21%] Built target tf_generate_messages_eus
[35m[1mScanning dependencies of target tf_generate_messages_lisp[0m
[ 21%] Built target visualization_msgs_generate_messages_cpp
[35m[1mScanning dependencies of target actionlib_msgs_generate_messages_cpp[0m
[ 21%] Built target roscpp_generate_messages_cpp
[ 21%] Built target tf_generate_messages_lisp
[35m[1mScanning dependencies of target actionlib_msgs_generate_messages_eus[0m
[35m[1mScanning dependencies of target dynamic_reconfigure_generate_messages_py[0m
[ 21%] Built target gazebo_ros_hand_of_god
[ 21%] Built target actionlib_msgs_generate_messages_eus
[ 21%] Built target actionlib_msgs_generate_messages_cpp
[ 21%] Built target dynamic_reconfigure_generate_messages_py
[35m[1mScanning dependencies of target actionlib_msgs_generate_messages_py[0m
[ 21%] Built target gazebo_ros_planar_move
[ 21%] Built target gazebo_ros_ft_sensor
[35m[1mScanning dependencies of target tf_generate_messages_nodejs[0m
[35m[1mScanning dependencies of target tf_generate_messages_cpp[0m
[35m[1mScanning dependencies of target actionlib_generate_messages_cpp[0m
[ 21%] Built target actionlib_msgs_generate_messages_py
[35m[1mScanning dependencies of target std_srvs_generate_messages_py[0m
[35m[1mScanning dependencies of target actionlib_generate_messages_py[0m
[35m[1mScanning dependencies of target actionlib_generate_messages_nodejs[0m
[ 21%] Built target actionlib_generate_messages_py
[ 21%] Built target actionlib_generate_messages_nodejs
[ 21%] Built target std_srvs_generate_messages_py
[ 21%] Built target tf_generate_messages_nodejs
[ 21%] Built target actionlib_generate_messages_cpp
[ 21%] Built target tf_generate_messages_cpp
[35m[1mScanning dependencies of target diagnostic_msgs_generate_messages_lisp[0m
[35m[1mScanning dependencies of target tf2_msgs_generate_messages_cpp[0m
[35m[1mScanning dependencies of target nav_msgs_generate_messages_lisp[0m
[35m[1mScanning dependencies of target tf2_msgs_generate_messages_lisp[0m
[35m[1mScanning dependencies of target dynamic_reconfigure_generate_messages_lisp[0m
[35m[1mScanning dependencies of target diagnostic_msgs_generate_messages_py[0m
[35m[1mScanning dependencies of target dynamic_reconfigure_generate_messages_cpp[0m
[ 21%] Built target gazebo_ros_vacuum_gripper
[ 21%] Built target gazebo_ros_utils
[ 21%] Built target dynamic_reconfigure_generate_messages_lisp
[ 21%] Built target diagnostic_msgs_generate_messages_lisp
[ 21%] Built target tf2_msgs_generate_messages_lisp
[ 21%] Built target tf2_msgs_generate_messages_cpp
[ 21%] Built target dynamic_reconfigure_generate_messages_cpp
[ 21%] Built target gazebo_ros_skid_steer_drive
[35m[1mScanning dependencies of target dynamic_reconfigure_gencfg[0m
[ 21%] Built target nav_msgs_generate_messages_lisp
[35m[1mScanning dependencies of target polled_camera_generate_messages_lisp[0m
[ 21%] Built target diagnostic_msgs_generate_messages_py
[35m[1mScanning dependencies of target polled_camera_generate_messages_eus[0m
[35m[1mScanning dependencies of target polled_camera_generate_messages_py[0m
[35m[1mScanning dependencies of target diagnostic_msgs_generate_messages_nodejs[0m
[ 21%] Built target dynamic_reconfigure_gencfg
[35m[1mScanning dependencies of target visualization_msgs_generate_messages_lisp[0m
[35m[1mScanning dependencies of target polled_camera_generate_messages_cpp[0m
[35m[1mScanning dependencies of target visualization_msgs_generate_messages_nodejs[0m
[35m[1mScanning dependencies of target rosgraph_msgs_generate_messages_py[0m
[35m[1mScanning dependencies of target visualization_msgs_generate_messages_py[0m
[ 21%] Built target polled_camera_generate_messages_lisp
[ 21%] Built target polled_camera_generate_messages_eus
[ 21%] Built target visualization_msgs_generate_messages_lisp
[ 21%] Built target polled_camera_generate_messages_py
[ 21%] Built target diagnostic_msgs_generate_messages_nodejs
[35m[1mScanning dependencies of target bond_generate_messages_eus[0m
[ 21%] Built target polled_camera_generate_messages_cpp
[ 21%] Built target visualization_msgs_generate_messages_nodejs
[ 21%] Built target rosgraph_msgs_generate_messages_py
[ 21%] Built target visualization_msgs_generate_messages_py
[35m[1mScanning dependencies of target sensor_msgs_generate_messages_py[0m
[35m[1mScanning dependencies of target nodelet_generate_messages_cpp[0m
[35m[1mScanning dependencies of target sensor_msgs_generate_messages_lisp[0m
[ 21%] Built target bond_generate_messages_eus
[35m[1mScanning dependencies of target nav_msgs_generate_messages_py[0m
[35m[1mScanning dependencies of target std_srvs_generate_messages_nodejs[0m
[35m[1mScanning dependencies of target gazebo_ros_projector[0m
[35m[1mScanning dependencies of target gazebo_ros_tricycle_drive[0m
[35m[1mScanning dependencies of target gazebo_ros_block_laser[0m
[ 21%] Built target sensor_msgs_generate_messages_py
[ 21%] Built target sensor_msgs_generate_messages_lisp
[35m[1mScanning dependencies of target gazebo_ros_f3d[0m
[35m[1mScanning dependencies of target MultiCameraPlugin[0m
[ 21%] Built target std_srvs_generate_messages_nodejs
[ 21%] Built target nodelet_generate_messages_cpp
[35m[1mScanning dependencies of target gazebo_ros_imu_sensor[0m
[35m[1mScanning dependencies of target gazebo_ros_force[0m
[35m[1mScanning dependencies of target gazebo_ros_gpu_laser[0m
[ 21%] Built target nav_msgs_generate_messages_py
[ 21%] Built target gazebo_ros_range_iq
[35m[1mScanning dependencies of target gazebo_ros_p3d[0m
[35m[1mScanning dependencies of target gazebo_ros_bumper[0m
[35m[1mScanning dependencies of target gazebo_ros_laser[0m
[35m[1mScanning dependencies of target gazebo_ros_imu[0m
[ 22%] [32mBuilding CXX object CMakeFiles/gazebo_ros_f3d.dir/src/gazebo_ros_f3d.cpp.o[0m
[ 24%] [32mBuilding CXX object CMakeFiles/gazebo_ros_imu_sensor.dir/src/gazebo_ros_imu_sensor.cpp.o[0m
[ 25%] [32mBuilding CXX object CMakeFiles/gazebo_ros_tricycle_drive.dir/src/gazebo_ros_tricycle_drive.cpp.o[0m
[ 26%] [32mBuilding CXX object CMakeFiles/gazebo_ros_projector.dir/src/gazebo_ros_projector.cpp.o[0m
[ 27%] [32mBuilding CXX object CMakeFiles/gazebo_ros_force.dir/src/gazebo_ros_force.cpp.o[0m
[ 28%] [32mBuilding CXX object CMakeFiles/gazebo_ros_block_laser.dir/src/gazebo_ros_block_laser.cpp.o[0m
[ 30%] [32mBuilding CXX object CMakeFiles/MultiCameraPlugin.dir/src/MultiCameraPlugin.cpp.o[0m
[ 30%] Built target gazebo_ros_video
[ 31%] [32mBuilding CXX object CMakeFiles/gazebo_ros_gpu_laser.dir/src/gazebo_ros_gpu_laser.cpp.o[0m
[ 32%] [32mBuilding CXX object CMakeFiles/gazebo_ros_bumper.dir/src/gazebo_ros_bumper.cpp.o[0m
[35m[1mScanning dependencies of target gazebo_ros_diff_drive[0m
[ 33%] [32m[1mLinking CXX shared library /home/weiminn/catkin_ws/devel/.private/gazebo_plugins/lib/libgazebo_ros_f3d.so[0m
[ 34%] [32mBuilding CXX object CMakeFiles/gazebo_ros_laser.dir/src/gazebo_ros_laser.cpp.o[0m
[ 36%] [32mBuilding CXX object CMakeFiles/gazebo_ros_p3d.dir/src/gazebo_ros_p3d.cpp.o[0m
[ 37%] [32mBuilding CXX object CMakeFiles/gazebo_ros_imu.dir/src/gazebo_ros_imu.cpp.o[0m
[ 38%] [32m[1mLinking CXX shared library /home/weiminn/catkin_ws/devel/.private/gazebo_plugins/lib/libgazebo_ros_imu_sensor.so[0m
[ 39%] [32m[1mLinking CXX shared library /home/weiminn/catkin_ws/devel/.private/gazebo_plugins/lib/libgazebo_ros_tricycle_drive.so[0m
[ 40%] [32m[1mLinking CXX shared library /home/weiminn/catkin_ws/devel/.private/gazebo_plugins/lib/libgazebo_ros_projector.so[0m
[ 42%] [32m[1mLinking CXX shared library /home/weiminn/catkin_ws/devel/.private/gazebo_plugins/lib/libgazebo_ros_force.so[0m
[ 43%] [32m[1mLinking CXX shared library /home/weiminn/catkin_ws/devel/.private/gazebo_plugins/lib/libgazebo_ros_block_laser.so[0m
[ 44%] [32m[1mLinking CXX shared library /home/weiminn/catkin_ws/devel/.private/gazebo_plugins/lib/libMultiCameraPlugin.so[0m
[ 45%] [32m[1mLinking CXX shared library /home/weiminn/catkin_ws/devel/.private/gazebo_plugins/lib/libgazebo_ros_bumper.so[0m
[ 46%] [32m[1mLinking CXX shared library /home/weiminn/catkin_ws/devel/.private/gazebo_plugins/lib/libgazebo_ros_gpu_laser.so[0m
[ 48%] [32m[1mLinking CXX shared library /home/weiminn/catkin_ws/devel/.private/gazebo_plugins/lib/libgazebo_ros_p3d.so[0m
[ 49%] [32m[1mLinking CXX shared library /home/weiminn/catkin_ws/devel/.private/gazebo_plugins/lib/libgazebo_ros_laser.so[0m
[ 50%] [32m[1mLinking CXX shared library /home/weiminn/catkin_ws/devel/.private/gazebo_plugins/lib/libgazebo_ros_imu.so[0m
[ 51%] [32mBuilding CXX object CMakeFiles/gazebo_ros_diff_drive.dir/src/gazebo_ros_diff_drive.cpp.o[0m
[ 53%] [32m[1mLinking CXX shared library /home/weiminn/catkin_ws/devel/.private/gazebo_plugins/lib/libgazebo_ros_diff_drive.so[0m
[ 53%] Built target gazebo_ros_imu_sensor
[35m[1mScanning dependencies of target gazebo_ros_joint_pose_trajectory[0m
[ 53%] Built target gazebo_ros_f3d
[35m[1mScanning dependencies of target gazebo_ros_joint_state_publisher[0m
[ 53%] Built target gazebo_ros_p3d
[35m[1mScanning dependencies of target gazebo_plugins_gencfg[0m
[ 54%] [32mBuilding CXX object CMakeFiles/gazebo_ros_joint_pose_trajectory.dir/src/gazebo_ros_joint_pose_trajectory.cpp.o[0m
[ 55%] [34m[1mGenerating dynamic reconfigure files from cfg/CameraSynchronizer.cfg: /home/weiminn/catkin_ws/devel/.private/gazebo_plugins/include/gazebo_plugins/CameraSynchronizerConfig.h /home/weiminn/catkin_ws/devel/.private/gazebo_plugins/lib/python3/dist-packages/gazebo_plugins/cfg/CameraSynchronizerConfig.py[0m
[ 55%] Built target gazebo_ros_tricycle_drive
[ 55%] Built target MultiCameraPlugin
[ 56%] [32mBuilding CXX object CMakeFiles/gazebo_ros_joint_state_publisher.dir/src/gazebo_ros_joint_state_publisher.cpp.o[0m
[35m[1mScanning dependencies of target pub_joint_trajectory_test[0m
[35m[1mScanning dependencies of target gazebo_ros_harness[0m
[ 57%] [32m[1mLinking CXX shared library /home/weiminn/catkin_ws/devel/.private/gazebo_plugins/lib/libgazebo_ros_joint_pose_trajectory.so[0m
[ 57%] Built target gazebo_ros_imu
[ 59%] [34m[1mGenerating dynamic reconfigure files from cfg/GazeboRosCamera.cfg: /home/weiminn/catkin_ws/devel/.private/gazebo_plugins/include/gazebo_plugins/GazeboRosCameraConfig.h /home/weiminn/catkin_ws/devel/.private/gazebo_plugins/lib/python3/dist-packages/gazebo_plugins/cfg/GazeboRosCameraConfig.py[0m
[ 60%] [32mBuilding CXX object CMakeFiles/pub_joint_trajectory_test.dir/test/pub_joint_trajectory_test.cpp.o[0m
[ 60%] Built target gazebo_ros_force
[ 61%] [34m[1mGenerating dynamic reconfigure files from cfg/GazeboRosOpenniKinect.cfg: /home/weiminn/catkin_ws/devel/.private/gazebo_plugins/include/gazebo_plugins/GazeboRosOpenniKinectConfig.h /home/weiminn/catkin_ws/devel/.private/gazebo_plugins/lib/python3/dist-packages/gazebo_plugins/cfg/GazeboRosOpenniKinectConfig.py[0m
Generating reconfiguration files for CameraSynchronizer in gazebo_plugins
Wrote header file in /home/weiminn/catkin_ws/devel/.private/gazebo_plugins/include/gazebo_plugins/CameraSynchronizerConfig.h
[ 62%] [32m[1mLinking CXX shared library /home/weiminn/catkin_ws/devel/.private/gazebo_plugins/lib/libgazebo_ros_joint_state_publisher.so[0m
[ 63%] [34m[1mGenerating dynamic reconfigure files from cfg/Hokuyo.cfg: /home/weiminn/catkin_ws/devel/.private/gazebo_plugins/include/gazebo_plugins/HokuyoConfig.h /home/weiminn/catkin_ws/devel/.private/gazebo_plugins/lib/python3/dist-packages/gazebo_plugins/cfg/HokuyoConfig.py[0m
[ 63%] Built target gazebo_ros_block_laser
[ 65%] [32mBuilding CXX object CMakeFiles/gazebo_ros_harness.dir/src/gazebo_ros_harness.cpp.o[0m
[ 66%] [32m[1mLinking CXX executable /home/weiminn/catkin_ws/devel/.private/gazebo_plugins/lib/gazebo_plugins/pub_joint_trajectory_test[0m
[ 67%] [34m[1mGenerating dynamic reconfigure files from cfg/WheelSlip.cfg: /home/weiminn/catkin_ws/devel/.private/gazebo_plugins/include/gazebo_plugins/WheelSlipConfig.h /home/weiminn/catkin_ws/devel/.private/gazebo_plugins/lib/python3/dist-packages/gazebo_plugins/cfg/WheelSlipConfig.py[0m
[ 68%] [32m[1mLinking CXX shared library /home/weiminn/catkin_ws/devel/.private/gazebo_plugins/lib/libgazebo_ros_harness.so[0m
Generating reconfiguration files for WheelSlip in gazebo_plugins
Wrote header file in /home/weiminn/catkin_ws/devel/.private/gazebo_plugins/include/gazebo_plugins/WheelSlipConfig.h
[ 68%] Built target gazebo_ros_diff_drive
[ 68%] Built target gazebo_ros_bumper
[ 68%] Built target gazebo_ros_projector
Generating reconfiguration files for GazeboRosCamera in gazebo_plugins
Wrote header file in /home/weiminn/catkin_ws/devel/.private/gazebo_plugins/include/gazebo_plugins/GazeboRosCameraConfig.h
[ 68%] Built target gazebo_ros_gpu_laser
Generating reconfiguration files for GazeboRosOpenniKinect in gazebo_plugins
[ 68%] Built target gazebo_ros_laser
Wrote header file in /home/weiminn/catkin_ws/devel/.private/gazebo_plugins/include/gazebo_plugins/GazeboRosOpenniKinectConfig.h
Generating reconfiguration files for Hokuyo in gazebo_plugins
Wrote header file in /home/weiminn/catkin_ws/devel/.private/gazebo_plugins/include/gazebo_plugins/HokuyoConfig.h
[ 68%] Built target gazebo_plugins_gencfg
[35m[1mScanning dependencies of target gazebo_ros_camera_utils[0m
[35m[1mScanning dependencies of target hokuyo_node[0m
[35m[1mScanning dependencies of target gazebo_ros_wheel_slip[0m
[35m[1mScanning dependencies of target vision_reconfigure[0m
[35m[1mScanning dependencies of target gazebo_ros_elevator[0m
[ 69%] [32mBuilding CXX object CMakeFiles/hokuyo_node.dir/src/hokuyo_node.cpp.o[0m
[ 71%] [32mBuilding CXX object CMakeFiles/vision_reconfigure.dir/src/vision_reconfigure.cpp.o[0m
[ 72%] [32m[1mLinking CXX executable /home/weiminn/catkin_ws/devel/.private/gazebo_plugins/lib/gazebo_plugins/hokuyo_node[0m
[ 73%] [32m[1mLinking CXX shared library /home/weiminn/catkin_ws/devel/.private/gazebo_plugins/lib/libvision_reconfigure.so[0m
[ 74%] [32mBuilding CXX object CMakeFiles/gazebo_ros_elevator.dir/src/gazebo_ros_elevator.cpp.o[0m
[ 75%] [32mBuilding CXX object CMakeFiles/gazebo_ros_wheel_slip.dir/src/gazebo_ros_wheel_slip.cpp.o[0m
[ 77%] [32m[1mLinking CXX shared library /home/weiminn/catkin_ws/devel/.private/gazebo_plugins/lib/libgazebo_ros_elevator.so[0m
[ 78%] [32mBuilding CXX object CMakeFiles/gazebo_ros_camera_utils.dir/src/gazebo_ros_camera_utils.cpp.o[0m
[ 79%] [32m[1mLinking CXX shared library /home/weiminn/catkin_ws/devel/.private/gazebo_plugins/lib/libgazebo_ros_wheel_slip.so[0m
[ 79%] Built target gazebo_ros_harness
[ 79%] Built target pub_joint_trajectory_test
[ 79%] Built target gazebo_ros_joint_pose_trajectory
[ 80%] [32m[1mLinking CXX shared library /home/weiminn/catkin_ws/devel/.private/gazebo_plugins/lib/libgazebo_ros_camera_utils.so[0m
[ 80%] Built target gazebo_ros_joint_state_publisher
[ 80%] Built target vision_reconfigure
[ 80%] Built target hokuyo_node
[35m[1mScanning dependencies of target camera_synchronizer[0m
[ 81%] [32mBuilding CXX object CMakeFiles/camera_synchronizer.dir/src/camera_synchronizer.cpp.o[0m
[ 83%] [32m[1mLinking CXX executable /home/weiminn/catkin_ws/devel/.private/gazebo_plugins/lib/gazebo_plugins/camera_synchronizer[0m
[ 83%] Built target gazebo_ros_elevator
[ 83%] Built target camera_synchronizer
[ 83%] Built target gazebo_ros_wheel_slip
[ 83%] Built target gazebo_ros_camera_utils
[35m[1mScanning dependencies of target gazebo_ros_prosilica[0m
[35m[1mScanning dependencies of target gazebo_ros_triggered_camera[0m
[35m[1mScanning dependencies of target gazebo_ros_camera[0m
[35m[1mScanning dependencies of target gazebo_ros_multicamera[0m
[35m[1mScanning dependencies of target gazebo_ros_depth_camera[0m
[35m[1mScanning dependencies of target gazebo_ros_openni_kinect[0m
[ 84%] [32mBuilding CXX object CMakeFiles/gazebo_ros_triggered_camera.dir/src/gazebo_ros_triggered_camera.cpp.o[0m
[ 85%] [32mBuilding CXX object CMakeFiles/gazebo_ros_camera.dir/src/gazebo_ros_camera.cpp.o[0m
[ 86%] [32mBuilding CXX object CMakeFiles/gazebo_ros_multicamera.dir/src/gazebo_ros_multicamera.cpp.o[0m
[ 89%] [32mBuilding CXX object CMakeFiles/gazebo_ros_openni_kinect.dir/src/gazebo_ros_openni_kinect.cpp.o[0m
[ 89%] [32mBuilding CXX object CMakeFiles/gazebo_ros_depth_camera.dir/src/gazebo_ros_depth_camera.cpp.o[0m
[ 90%] [32mBuilding CXX object CMakeFiles/gazebo_ros_prosilica.dir/src/gazebo_ros_prosilica.cpp.o[0m
[ 91%] [32m[1mLinking CXX shared library /home/weiminn/catkin_ws/devel/.private/gazebo_plugins/lib/libgazebo_ros_triggered_camera.so[0m
[ 92%] [32m[1mLinking CXX shared library /home/weiminn/catkin_ws/devel/.private/gazebo_plugins/lib/libgazebo_ros_camera.so[0m
[ 93%] [32m[1mLinking CXX shared library /home/weiminn/catkin_ws/devel/.private/gazebo_plugins/lib/libgazebo_ros_multicamera.so[0m
[ 95%] [32m[1mLinking CXX shared library /home/weiminn/catkin_ws/devel/.private/gazebo_plugins/lib/libgazebo_ros_openni_kinect.so[0m
[ 96%] [32m[1mLinking CXX shared library /home/weiminn/catkin_ws/devel/.private/gazebo_plugins/lib/libgazebo_ros_depth_camera.so[0m
[ 97%] [32m[1mLinking CXX shared library /home/weiminn/catkin_ws/devel/.private/gazebo_plugins/lib/libgazebo_ros_prosilica.so[0m
[ 97%] Built target gazebo_ros_multicamera
[ 97%] Built target gazebo_ros_camera
[ 97%] Built target gazebo_ros_triggered_camera
[35m[1mScanning dependencies of target gazebo_ros_triggered_multicamera[0m
[ 97%] Built target gazebo_ros_prosilica
[ 97%] Built target gazebo_ros_depth_camera
[ 98%] [32mBuilding CXX object CMakeFiles/gazebo_ros_triggered_multicamera.dir/src/gazebo_ros_triggered_multicamera.cpp.o[0m
[100%] [32m[1mLinking CXX shared library /home/weiminn/catkin_ws/devel/.private/gazebo_plugins/lib/libgazebo_ros_triggered_multicamera.so[0m
[100%] Built target gazebo_ros_openni_kinect
[100%] Built target gazebo_ros_triggered_multicamera
