Symlinking /home/weiminn/catkin_ws/devel/include/safe_landing_planner/WaypointGeneratorNodeConfig.h
Symlinking /home/weiminn/catkin_ws/devel/include/safe_landing_planner/SLPGridMsg.h
Symlinking /home/weiminn/catkin_ws/devel/include/safe_landing_planner/SafeLandingPlannerNodeConfig.h
Symlinking /home/weiminn/catkin_ws/devel/share/safe_landing_planner/cmake/safe_landing_planner-msg-paths.cmake
Symlinking /home/weiminn/catkin_ws/devel/share/safe_landing_planner/cmake/safe_landing_planner-msg-extras.cmake
Symlinking /home/weiminn/catkin_ws/devel/share/safe_landing_planner/cmake/safe_landing_plannerConfig-version.cmake
Symlinking /home/weiminn/catkin_ws/devel/share/safe_landing_planner/cmake/safe_landing_plannerConfig.cmake
Symlinking /home/weiminn/catkin_ws/devel/share/safe_landing_planner/docs/SafeLandingPlannerNodeConfig.dox
Symlinking /home/weiminn/catkin_ws/devel/share/safe_landing_planner/docs/SafeLandingPlannerNodeConfig-usage.dox
Symlinking /home/weiminn/catkin_ws/devel/share/safe_landing_planner/docs/WaypointGeneratorNodeConfig-usage.dox
Symlinking /home/weiminn/catkin_ws/devel/share/safe_landing_planner/docs/WaypointGeneratorNodeConfig.wikidoc
Symlinking /home/weiminn/catkin_ws/devel/share/safe_landing_planner/docs/SafeLandingPlannerNodeConfig.wikidoc
Symlinking /home/weiminn/catkin_ws/devel/share/safe_landing_planner/docs/WaypointGeneratorNodeConfig.dox
Symlinking /home/weiminn/catkin_ws/devel/share/roseus/ros/safe_landing_planner/manifest.l
Symlinking /home/weiminn/catkin_ws/devel/share/roseus/ros/safe_landing_planner/msg/SLPGridMsg.l
Symlinking /home/weiminn/catkin_ws/devel/share/common-lisp/ros/safe_landing_planner/msg/_package.lisp
Symlinking /home/weiminn/catkin_ws/devel/share/common-lisp/ros/safe_landing_planner/msg/SLPGridMsg.lisp
Symlinking /home/weiminn/catkin_ws/devel/share/common-lisp/ros/safe_landing_planner/msg/_package_SLPGridMsg.lisp
Symlinking /home/weiminn/catkin_ws/devel/share/common-lisp/ros/safe_landing_planner/msg/safe_landing_planner-msg.asd
Symlinking /home/weiminn/catkin_ws/devel/share/gennodejs/ros/safe_landing_planner/_index.js
Symlinking /home/weiminn/catkin_ws/devel/share/gennodejs/ros/safe_landing_planner/msg/SLPGridMsg.js
Symlinking /home/weiminn/catkin_ws/devel/share/gennodejs/ros/safe_landing_planner/msg/_index.js
Symlinking /home/weiminn/catkin_ws/devel/lib/libsafe_landing_planner.so
Symlinking /home/weiminn/catkin_ws/devel/lib/safe_landing_planner/waypoint_generator_node
Symlinking /home/weiminn/catkin_ws/devel/lib/safe_landing_planner/safe_landing_planner_node
Symlinking /home/weiminn/catkin_ws/devel/lib/python3/dist-packages/safe_landing_planner/__init__.py
Symlinking /home/weiminn/catkin_ws/devel/lib/python3/dist-packages/safe_landing_planner/cfg/__init__.py
Symlinking /home/weiminn/catkin_ws/devel/lib/python3/dist-packages/safe_landing_planner/cfg/SafeLandingPlannerNodeConfig.py
Symlinking /home/weiminn/catkin_ws/devel/lib/python3/dist-packages/safe_landing_planner/cfg/WaypointGeneratorNodeConfig.py
Symlinking /home/weiminn/catkin_ws/devel/lib/python3/dist-packages/safe_landing_planner/msg/__init__.py
Symlinking /home/weiminn/catkin_ws/devel/lib/python3/dist-packages/safe_landing_planner/msg/_SLPGridMsg.py
Symlinking /home/weiminn/catkin_ws/devel/lib/pkgconfig/safe_landing_planner.pc
