Linked: (/home/weiminn/catkin_ws/devel/.private/beginner_tutorials/include/beginner_tutorials/AddTwoIntsResponse.h, /home/weiminn/catkin_ws/devel/include/beginner_tutorials/AddTwoIntsResponse.h)
Linked: (/home/weiminn/catkin_ws/devel/.private/beginner_tutorials/include/beginner_tutorials/AddTwoInts.h, /home/weiminn/catkin_ws/devel/include/beginner_tutorials/AddTwoInts.h)
Linked: (/home/weiminn/catkin_ws/devel/.private/beginner_tutorials/include/beginner_tutorials/Num.h, /home/weiminn/catkin_ws/devel/include/beginner_tutorials/Num.h)
Linked: (/home/weiminn/catkin_ws/devel/.private/beginner_tutorials/include/beginner_tutorials/AddTwoIntsRequest.h, /home/weiminn/catkin_ws/devel/include/beginner_tutorials/AddTwoIntsRequest.h)
Linked: (/home/weiminn/catkin_ws/devel/.private/beginner_tutorials/share/roseus/ros/beginner_tutorials/manifest.l, /home/weiminn/catkin_ws/devel/share/roseus/ros/beginner_tutorials/manifest.l)
Linked: (/home/weiminn/catkin_ws/devel/.private/beginner_tutorials/share/roseus/ros/beginner_tutorials/srv/AddTwoInts.l, /home/weiminn/catkin_ws/devel/share/roseus/ros/beginner_tutorials/srv/AddTwoInts.l)
Linked: (/home/weiminn/catkin_ws/devel/.private/beginner_tutorials/share/roseus/ros/beginner_tutorials/msg/Num.l, /home/weiminn/catkin_ws/devel/share/roseus/ros/beginner_tutorials/msg/Num.l)
Linked: (/home/weiminn/catkin_ws/devel/.private/beginner_tutorials/share/common-lisp/ros/beginner_tutorials/srv/AddTwoInts.lisp, /home/weiminn/catkin_ws/devel/share/common-lisp/ros/beginner_tutorials/srv/AddTwoInts.lisp)
Linked: (/home/weiminn/catkin_ws/devel/.private/beginner_tutorials/share/common-lisp/ros/beginner_tutorials/srv/beginner_tutorials-srv.asd, /home/weiminn/catkin_ws/devel/share/common-lisp/ros/beginner_tutorials/srv/beginner_tutorials-srv.asd)
Linked: (/home/weiminn/catkin_ws/devel/.private/beginner_tutorials/share/common-lisp/ros/beginner_tutorials/srv/_package.lisp, /home/weiminn/catkin_ws/devel/share/common-lisp/ros/beginner_tutorials/srv/_package.lisp)
Linked: (/home/weiminn/catkin_ws/devel/.private/beginner_tutorials/share/common-lisp/ros/beginner_tutorials/srv/_package_AddTwoInts.lisp, /home/weiminn/catkin_ws/devel/share/common-lisp/ros/beginner_tutorials/srv/_package_AddTwoInts.lisp)
Linked: (/home/weiminn/catkin_ws/devel/.private/beginner_tutorials/share/common-lisp/ros/beginner_tutorials/msg/Num.lisp, /home/weiminn/catkin_ws/devel/share/common-lisp/ros/beginner_tutorials/msg/Num.lisp)
Linked: (/home/weiminn/catkin_ws/devel/.private/beginner_tutorials/share/common-lisp/ros/beginner_tutorials/msg/_package_Num.lisp, /home/weiminn/catkin_ws/devel/share/common-lisp/ros/beginner_tutorials/msg/_package_Num.lisp)
Linked: (/home/weiminn/catkin_ws/devel/.private/beginner_tutorials/share/common-lisp/ros/beginner_tutorials/msg/_package.lisp, /home/weiminn/catkin_ws/devel/share/common-lisp/ros/beginner_tutorials/msg/_package.lisp)
Linked: (/home/weiminn/catkin_ws/devel/.private/beginner_tutorials/share/common-lisp/ros/beginner_tutorials/msg/beginner_tutorials-msg.asd, /home/weiminn/catkin_ws/devel/share/common-lisp/ros/beginner_tutorials/msg/beginner_tutorials-msg.asd)
Linked: (/home/weiminn/catkin_ws/devel/.private/beginner_tutorials/share/gennodejs/ros/beginner_tutorials/_index.js, /home/weiminn/catkin_ws/devel/share/gennodejs/ros/beginner_tutorials/_index.js)
Linked: (/home/weiminn/catkin_ws/devel/.private/beginner_tutorials/share/gennodejs/ros/beginner_tutorials/srv/_index.js, /home/weiminn/catkin_ws/devel/share/gennodejs/ros/beginner_tutorials/srv/_index.js)
Linked: (/home/weiminn/catkin_ws/devel/.private/beginner_tutorials/share/gennodejs/ros/beginner_tutorials/srv/AddTwoInts.js, /home/weiminn/catkin_ws/devel/share/gennodejs/ros/beginner_tutorials/srv/AddTwoInts.js)
Linked: (/home/weiminn/catkin_ws/devel/.private/beginner_tutorials/share/gennodejs/ros/beginner_tutorials/msg/Num.js, /home/weiminn/catkin_ws/devel/share/gennodejs/ros/beginner_tutorials/msg/Num.js)
Linked: (/home/weiminn/catkin_ws/devel/.private/beginner_tutorials/share/gennodejs/ros/beginner_tutorials/msg/_index.js, /home/weiminn/catkin_ws/devel/share/gennodejs/ros/beginner_tutorials/msg/_index.js)
Linked: (/home/weiminn/catkin_ws/devel/.private/beginner_tutorials/share/beginner_tutorials/cmake/beginner_tutorialsConfig-version.cmake, /home/weiminn/catkin_ws/devel/share/beginner_tutorials/cmake/beginner_tutorialsConfig-version.cmake)
Linked: (/home/weiminn/catkin_ws/devel/.private/beginner_tutorials/share/beginner_tutorials/cmake/beginner_tutorials-msg-extras.cmake, /home/weiminn/catkin_ws/devel/share/beginner_tutorials/cmake/beginner_tutorials-msg-extras.cmake)
Linked: (/home/weiminn/catkin_ws/devel/.private/beginner_tutorials/share/beginner_tutorials/cmake/beginner_tutorialsConfig.cmake, /home/weiminn/catkin_ws/devel/share/beginner_tutorials/cmake/beginner_tutorialsConfig.cmake)
Linked: (/home/weiminn/catkin_ws/devel/.private/beginner_tutorials/share/beginner_tutorials/cmake/beginner_tutorials-msg-paths.cmake, /home/weiminn/catkin_ws/devel/share/beginner_tutorials/cmake/beginner_tutorials-msg-paths.cmake)
Linked: (/home/weiminn/catkin_ws/devel/.private/beginner_tutorials/lib/python3/dist-packages/beginner_tutorials/__init__.py, /home/weiminn/catkin_ws/devel/lib/python3/dist-packages/beginner_tutorials/__init__.py)
Linked: (/home/weiminn/catkin_ws/devel/.private/beginner_tutorials/lib/python3/dist-packages/beginner_tutorials/srv/__init__.py, /home/weiminn/catkin_ws/devel/lib/python3/dist-packages/beginner_tutorials/srv/__init__.py)
Linked: (/home/weiminn/catkin_ws/devel/.private/beginner_tutorials/lib/python3/dist-packages/beginner_tutorials/srv/_AddTwoInts.py, /home/weiminn/catkin_ws/devel/lib/python3/dist-packages/beginner_tutorials/srv/_AddTwoInts.py)
Linked: (/home/weiminn/catkin_ws/devel/.private/beginner_tutorials/lib/python3/dist-packages/beginner_tutorials/msg/__init__.py, /home/weiminn/catkin_ws/devel/lib/python3/dist-packages/beginner_tutorials/msg/__init__.py)
Linked: (/home/weiminn/catkin_ws/devel/.private/beginner_tutorials/lib/python3/dist-packages/beginner_tutorials/msg/_Num.py, /home/weiminn/catkin_ws/devel/lib/python3/dist-packages/beginner_tutorials/msg/_Num.py)
Linked: (/home/weiminn/catkin_ws/devel/.private/beginner_tutorials/lib/pkgconfig/beginner_tutorials.pc, /home/weiminn/catkin_ws/devel/lib/pkgconfig/beginner_tutorials.pc)
Linked: (/home/weiminn/catkin_ws/devel/.private/beginner_tutorials/lib/beginner_tutorials/talker, /home/weiminn/catkin_ws/devel/lib/beginner_tutorials/talker)
Linked: (/home/weiminn/catkin_ws/devel/.private/beginner_tutorials/lib/beginner_tutorials/add_two_ints_server, /home/weiminn/catkin_ws/devel/lib/beginner_tutorials/add_two_ints_server)
Linked: (/home/weiminn/catkin_ws/devel/.private/beginner_tutorials/lib/beginner_tutorials/add_two_ints_client, /home/weiminn/catkin_ws/devel/lib/beginner_tutorials/add_two_ints_client)
Linked: (/home/weiminn/catkin_ws/devel/.private/beginner_tutorials/lib/beginner_tutorials/listener, /home/weiminn/catkin_ws/devel/lib/beginner_tutorials/listener)
