[  0%] Built target std_msgs_generate_messages_cpp
[  0%] Built target std_msgs_generate_messages_lisp
[  0%] Built target std_msgs_generate_messages_py
[  0%] Built target std_msgs_generate_messages_nodejs
[  0%] Built target std_msgs_generate_messages_eus
[  0%] Built target _beginner_tutorials_generate_messages_check_deps_AddTwoInts
[  0%] Built target _beginner_tutorials_generate_messages_check_deps_Num
[  9%] Built target beginner_tutorials_generate_messages_lisp
[ 19%] Built target beginner_tutorials_generate_messages_cpp
[ 38%] Built target beginner_tutorials_generate_messages_py
[ 47%] Built target beginner_tutorials_generate_messages_nodejs
[35m[1mScanning dependencies of target beginner_tutorials_gencpp[0m
[ 61%] Built target beginner_tutorials_generate_messages_eus
[ 71%] Built target talker
[ 80%] Built target listener
[ 80%] Built target beginner_tutorials_gencpp
[35m[1mScanning dependencies of target add_two_ints_server[0m
[35m[1mScanning dependencies of target add_two_ints_client[0m
[ 80%] Built target beginner_tutorials_generate_messages
[ 85%] [32mBuilding CXX object CMakeFiles/add_two_ints_client.dir/src/add_two_ints_client.cpp.o[0m
[ 90%] [32mBuilding CXX object CMakeFiles/add_two_ints_server.dir/src/add_two_ints_server.cpp.o[0m
[ 95%] [32m[1mLinking CXX executable /home/weiminn/catkin_ws/devel/.private/beginner_tutorials/lib/beginner_tutorials/add_two_ints_client[0m
[ 95%] Built target add_two_ints_client
[100%] [32m[1mLinking CXX executable /home/weiminn/catkin_ws/devel/.private/beginner_tutorials/lib/beginner_tutorials/add_two_ints_server[0m
[100%] Built target add_two_ints_server
