[35m[1mScanning dependencies of target _beginner_tutorials_generate_messages_check_deps_Num[0m
[35m[1mScanning dependencies of target _beginner_tutorials_generate_messages_check_deps_AddTwoInts[0m
[35m[1mScanning dependencies of target std_msgs_generate_messages_cpp[0m
[35m[1mScanning dependencies of target std_msgs_generate_messages_lisp[0m
[35m[1mScanning dependencies of target std_msgs_generate_messages_py[0m
[  0%] Built target std_msgs_generate_messages_cpp
[  0%] Built target std_msgs_generate_messages_lisp
[  0%] Built target _beginner_tutorials_generate_messages_check_deps_Num
[35m[1mScanning dependencies of target std_msgs_generate_messages_nodejs[0m
[  0%] Built target std_msgs_generate_messages_py
[  0%] Built target std_msgs_generate_messages_nodejs
[35m[1mScanning dependencies of target std_msgs_generate_messages_eus[0m
[  0%] Built target std_msgs_generate_messages_eus
[  0%] Built target _beginner_tutorials_generate_messages_check_deps_AddTwoInts
[35m[1mScanning dependencies of target beginner_tutorials_generate_messages_cpp[0m
[35m[1mScanning dependencies of target beginner_tutorials_generate_messages_eus[0m
[35m[1mScanning dependencies of target beginner_tutorials_generate_messages_nodejs[0m
[35m[1mScanning dependencies of target beginner_tutorials_generate_messages_lisp[0m
[35m[1mScanning dependencies of target beginner_tutorials_generate_messages_py[0m
[  4%] [34m[1mGenerating C++ code from beginner_tutorials/Num.msg[0m
[  9%] [34m[1mGenerating C++ code from beginner_tutorials/AddTwoInts.srv[0m
[ 14%] [34m[1mGenerating Lisp code from beginner_tutorials/Num.msg[0m
[ 19%] [34m[1mGenerating EusLisp code from beginner_tutorials/Num.msg[0m
[ 23%] [34m[1mGenerating EusLisp code from beginner_tutorials/AddTwoInts.srv[0m
[ 28%] [34m[1mGenerating EusLisp manifest code for beginner_tutorials[0m
[ 38%] [34m[1mGenerating Javascript code from beginner_tutorials/AddTwoInts.srv[0m
[ 38%] [34m[1mGenerating Javascript code from beginner_tutorials/Num.msg[0m
[ 47%] [34m[1mGenerating Lisp code from beginner_tutorials/AddTwoInts.srv[0m
[ 47%] [34m[1mGenerating Python from MSG beginner_tutorials/Num[0m
[ 47%] Built target beginner_tutorials_generate_messages_nodejs
[ 52%] [34m[1mGenerating Python code from SRV beginner_tutorials/AddTwoInts[0m
[ 52%] Built target beginner_tutorials_generate_messages_lisp
[ 52%] Built target beginner_tutorials_generate_messages_cpp
[ 57%] [34m[1mGenerating Python msg __init__.py for beginner_tutorials[0m
[ 61%] [34m[1mGenerating Python srv __init__.py for beginner_tutorials[0m
[35m[1mScanning dependencies of target beginner_tutorials_gencpp[0m
[35m[1mScanning dependencies of target talker[0m
[35m[1mScanning dependencies of target listener[0m
[ 61%] Built target beginner_tutorials_gencpp
[ 66%] [32mBuilding CXX object CMakeFiles/talker.dir/src/talker.cpp.o[0m
[ 71%] [32mBuilding CXX object CMakeFiles/listener.dir/src/listener.cpp.o[0m
[35m[1mScanning dependencies of target add_two_ints_server[0m
[ 76%] [32mBuilding CXX object CMakeFiles/add_two_ints_server.dir/src/add_two_ints_server.cpp.o[0m
[35m[1mScanning dependencies of target add_two_ints_client[0m
[ 80%] [32mBuilding CXX object CMakeFiles/add_two_ints_client.dir/src/add_two_ints_client.cpp.o[0m
[ 80%] Built target beginner_tutorials_generate_messages_py
[ 80%] Built target beginner_tutorials_generate_messages_eus
[35m[1mScanning dependencies of target beginner_tutorials_generate_messages[0m
[ 80%] Built target beginner_tutorials_generate_messages
[ 85%] [32m[1mLinking CXX executable /home/weiminn/catkin_ws/devel/.private/beginner_tutorials/lib/beginner_tutorials/listener[0m
[ 90%] [32m[1mLinking CXX executable /home/weiminn/catkin_ws/devel/.private/beginner_tutorials/lib/beginner_tutorials/talker[0m
[ 95%] [32m[1mLinking CXX executable /home/weiminn/catkin_ws/devel/.private/beginner_tutorials/lib/beginner_tutorials/add_two_ints_client[0m
[ 95%] Built target listener
[ 95%] Built target talker
[100%] [32m[1mLinking CXX executable /home/weiminn/catkin_ws/devel/.private/beginner_tutorials/lib/beginner_tutorials/add_two_ints_server[0m
[100%] Built target add_two_ints_client
[100%] Built target add_two_ints_server
