[35m[1mScanning dependencies of target cubepilot.xml-v2.0[0m
[35m[1mScanning dependencies of target icarous.xml-v1.0[0m
[35m[1mScanning dependencies of target ualberta.xml-v1.0[0m
[35m[1mScanning dependencies of target uAvionix.xml-v1.0[0m
[35m[1mScanning dependencies of target storm32.xml-v1.0[0m
[  3%] [34m[1mGenerating include/v1.0/storm32/storm32.h[0m
[  7%] [34m[1mGenerating include/v1.0/ualberta/ualberta.h[0m
[ 10%] [34m[1mGenerating cubepilot-v2.0-cxx-stamp[0m
[ 14%] [34m[1mGenerating include/v1.0/uAvionix/uAvionix.h[0m
[35m[1mScanning dependencies of target standard.xml-v1.0[0m
[35m[1mScanning dependencies of target paparazzi.xml-v1.0[0m
[35m[1mScanning dependencies of target paparazzi.xml-v2.0[0m
[ 17%] [34m[1mGenerating include/v1.0/icarous/icarous.h[0m
[ 21%] [34m[1mGenerating include/v1.0/standard/standard.h[0m
[ 25%] [34m[1mGenerating include/v1.0/paparazzi/paparazzi.h[0m
[ 28%] [34m[1mGenerating paparazzi-v2.0-cxx-stamp[0m
Validating /home/weiminn/catkin_ws/src/mavlink/message_definitions/v1.0/ualberta.xml
Validating /home/weiminn/catkin_ws/src/mavlink/message_definitions/v1.0/cubepilot.xml
Validating /home/weiminn/catkin_ws/src/mavlink/message_definitions/v1.0/uAvionix.xml
Validating /home/weiminn/catkin_ws/src/mavlink/message_definitions/v1.0/paparazzi.xml
Validating /home/weiminn/catkin_ws/src/mavlink/message_definitions/v1.0/standard.xml
Validating /home/weiminn/catkin_ws/src/mavlink/message_definitions/v1.0/icarous.xml
Validating /home/weiminn/catkin_ws/src/mavlink/message_definitions/v1.0/storm32.xml
Parsing /home/weiminn/catkin_ws/src/mavlink/message_definitions/v1.0/cubepilot.xml
Parsing /home/weiminn/catkin_ws/src/mavlink/message_definitions/v1.0/paparazzi.xml
Parsing /home/weiminn/catkin_ws/src/mavlink/message_definitions/v1.0/ualberta.xml
Parsing /home/weiminn/catkin_ws/src/mavlink/message_definitions/v1.0/standard.xml
Parsing /home/weiminn/catkin_ws/src/mavlink/message_definitions/v1.0/icarous.xml
Validating /home/weiminn/catkin_ws/src/mavlink/message_definitions/v1.0/minimal.xml
Ignoring MAVLink2 message ICAROUS_HEARTBEAT
Validating /home/weiminn/catkin_ws/src/mavlink/message_definitions/v1.0/common.xml
Ignoring MAVLink2 message ICAROUS_KINEMATIC_BANDS
Parsing /home/weiminn/catkin_ws/src/mavlink/message_definitions/v1.0/uAvionix.xml
Validating /home/weiminn/catkin_ws/src/mavlink/message_definitions/v1.0/common.xml
Found 0 MAVLink message types in 1 XML files
Validating /home/weiminn/catkin_ws/src/mavlink/message_definitions/v1.0/common.xml
Parsing /home/weiminn/catkin_ws/src/mavlink/message_definitions/v1.0/storm32.xml
Generating C implementation in directory include/v1.0/icarous
Parsing /home/weiminn/catkin_ws/src/mavlink/message_definitions/v1.0/minimal.xml
Copying fixed headers for protocol 1.0 to include/v1.0
Ignoring MAVLink2 message STORM32_GIMBAL_DEVICE_STATUS
Ignoring MAVLink2 message STORM32_GIMBAL_DEVICE_CONTROL
Ignoring MAVLink2 message STORM32_GIMBAL_MANAGER_INFORMATION
Ignoring MAVLink2 message STORM32_GIMBAL_MANAGER_STATUS
Ignoring MAVLink2 message STORM32_GIMBAL_MANAGER_CONTROL
Ignoring MAVLink2 message STORM32_GIMBAL_MANAGER_CONTROL_PITCHYAW
Ignoring MAVLink2 message STORM32_GIMBAL_MANAGER_CORRECT_ROLL
Ignoring MAVLink2 message STORM32_GIMBAL_MANAGER_PROFILE
Ignoring MAVLink2 message QSHOT_STATUS
Ignoring MAVLink2 message COMPONENT_PREARM_STATUS
Validating /home/weiminn/catkin_ws/src/mavlink/message_definitions/v1.0/ardupilotmega.xml
Ignoring MAVLink2 message UAVIONIX_ADSB_OUT_CFG
Ignoring MAVLink2 message UAVIONIX_ADSB_OUT_DYNAMIC
Ignoring MAVLink2 message UAVIONIX_ADSB_TRANSCEIVER_HEALTH_REPORT
Validating /home/weiminn/catkin_ws/src/mavlink/message_definitions/v1.0/common.xml
Ignoring MAVLink2 message PROTOCOL_VERSION
Found 1 MAVLink message types in 2 XML files
Generating C implementation in directory include/v1.0/standard
Generating C implementation in directory include/v1.0/minimal
Parsing /home/weiminn/catkin_ws/src/mavlink/message_definitions/v1.0/ardupilotmega.xml
Copying fixed headers for protocol 1.0 to include/v1.0
Parsing /home/weiminn/catkin_ws/src/mavlink/message_definitions/v1.0/common.xml
Ignoring MAVLink2 message DEVICE_OP_READ
Ignoring MAVLink2 message DEVICE_OP_READ_REPLY
Ignoring MAVLink2 message DEVICE_OP_WRITE
Ignoring MAVLink2 message DEVICE_OP_WRITE_REPLY
Ignoring MAVLink2 message ADAP_TUNING
Ignoring MAVLink2 message VISION_POSITION_DELTA
Ignoring MAVLink2 message AOA_SSA
Ignoring MAVLink2 message ESC_TELEMETRY_1_TO_4
Ignoring MAVLink2 message ESC_TELEMETRY_5_TO_8
Ignoring MAVLink2 message ESC_TELEMETRY_9_TO_12
Ignoring MAVLink2 message OSD_PARAM_CONFIG
Ignoring MAVLink2 message OSD_PARAM_CONFIG_REPLY
Ignoring MAVLink2 message OSD_PARAM_SHOW_CONFIG
Ignoring MAVLink2 message OSD_PARAM_SHOW_CONFIG_REPLY
Ignoring MAVLink2 message OBSTACLE_DISTANCE_3D
Ignoring MAVLink2 message WATER_DEPTH
Ignoring MAVLink2 message MCU_STATUS
Parsing /home/weiminn/catkin_ws/src/mavlink/message_definitions/v1.0/common.xml
[ 28%] Built target icarous.xml-v1.0
Parsing /home/weiminn/catkin_ws/src/mavlink/message_definitions/v1.0/common.xml
Validating /home/weiminn/catkin_ws/src/mavlink/message_definitions/v1.0/common.xml
Parsing /home/weiminn/catkin_ws/src/mavlink/message_definitions/v1.0/common.xml
[ 28%] Built target standard.xml-v1.0
Validating /home/weiminn/catkin_ws/src/mavlink/message_definitions/v1.0/paparazzi.xml
Parsing /home/weiminn/catkin_ws/src/mavlink/message_definitions/v1.0/paparazzi.xml
Validating /home/weiminn/catkin_ws/src/mavlink/message_definitions/v1.0/common.xml
[35m[1mScanning dependencies of target cubepilot.xml-v1.0[0m
[35m[1mScanning dependencies of target ASLUAV.xml-v2.0[0m
[ 32%] [34m[1mGenerating include/v1.0/cubepilot/cubepilot.h[0m
Parsing /home/weiminn/catkin_ws/src/mavlink/message_definitions/v1.0/common.xml
Parsing /home/weiminn/catkin_ws/src/mavlink/message_definitions/v1.0/common.xml
[ 35%] [34m[1mGenerating ASLUAV-v2.0-cxx-stamp[0m
Ignoring MAVLink2 message SETUP_SIGNING
Ignoring MAVLink2 message BUTTON_CHANGE
Ignoring MAVLink2 message PLAY_TUNE
Ignoring MAVLink2 message CAMERA_INFORMATION
Ignoring MAVLink2 message CAMERA_SETTINGS
Ignoring MAVLink2 message STORAGE_INFORMATION
Ignoring MAVLink2 message CAMERA_CAPTURE_STATUS
Ignoring MAVLink2 message CAMERA_IMAGE_CAPTURED
Ignoring MAVLink2 message FLIGHT_INFORMATION
Ignoring MAVLink2 message MOUNT_ORIENTATION
Ignoring MAVLink2 message LOGGING_DATA
Ignoring MAVLink2 message LOGGING_DATA_ACKED
Ignoring MAVLink2 message LOGGING_ACK
Ignoring MAVLink2 message VIDEO_STREAM_INFORMATION
Ignoring MAVLink2 message VIDEO_STREAM_STATUS
Ignoring MAVLink2 message CAMERA_FOV_STATUS
Ignoring MAVLink2 message CAMERA_TRACKING_IMAGE_STATUS
Ignoring MAVLink2 message CAMERA_TRACKING_GEO_STATUS
Ignoring MAVLink2 message GIMBAL_MANAGER_INFORMATION
Ignoring MAVLink2 message GIMBAL_MANAGER_STATUS
Ignoring MAVLink2 message GIMBAL_MANAGER_SET_ATTITUDE
Ignoring MAVLink2 message GIMBAL_DEVICE_INFORMATION
Ignoring MAVLink2 message GIMBAL_DEVICE_SET_ATTITUDE
Ignoring MAVLink2 message GIMBAL_DEVICE_ATTITUDE_STATUS
Ignoring MAVLink2 message AUTOPILOT_STATE_FOR_GIMBAL_DEVICE
Ignoring MAVLink2 message GIMBAL_MANAGER_SET_PITCHYAW
Ignoring MAVLink2 message GIMBAL_MANAGER_SET_MANUAL_CONTROL
Ignoring MAVLink2 message ESC_INFO
Ignoring MAVLink2 message ESC_STATUS
Ignoring MAVLink2 message WIFI_CONFIG_AP
Ignoring MAVLink2 message AIS_VESSEL
Ignoring MAVLink2 message UAVCAN_NODE_STATUS
Ignoring MAVLink2 message UAVCAN_NODE_INFO
Ignoring MAVLink2 message PARAM_EXT_REQUEST_READ
Ignoring MAVLink2 message PARAM_EXT_REQUEST_LIST
Ignoring MAVLink2 message PARAM_EXT_VALUE
Ignoring MAVLink2 message PARAM_EXT_SET
Ignoring MAVLink2 message PARAM_EXT_ACK
Ignoring MAVLink2 message OBSTACLE_DISTANCE
Ignoring MAVLink2 message ODOMETRY
Ignoring MAVLink2 message TRAJECTORY_REPRESENTATION_WAYPOINTS
Ignoring MAVLink2 message TRAJECTORY_REPRESENTATION_BEZIER
Ignoring MAVLink2 message CELLULAR_STATUS
Ignoring MAVLink2 message ISBD_LINK_STATUS
Ignoring MAVLink2 message CELLULAR_CONFIG
Ignoring MAVLink2 message RAW_RPM
Ignoring MAVLink2 message UTM_GLOBAL_POSITION
Ignoring MAVLink2 message DEBUG_FLOAT_ARRAY
Ignoring MAVLink2 message ORBIT_EXECUTION_STATUS
Ignoring MAVLink2 message SMART_BATTERY_INFO
Ignoring MAVLink2 message GENERATOR_STATUS
Ignoring MAVLink2 message ACTUATOR_OUTPUT_STATUS
Ignoring MAVLink2 message TIME_ESTIMATE_TO_TARGET
Ignoring MAVLink2 message TUNNEL
Ignoring MAVLink2 message CAN_FRAME
Ignoring MAVLink2 message ONBOARD_COMPUTER_STATUS
Ignoring MAVLink2 message COMPONENT_INFORMATION
Ignoring MAVLink2 message COMPONENT_METADATA
Ignoring MAVLink2 message PLAY_TUNE_V2
Ignoring MAVLink2 message SUPPORTED_TUNES
Ignoring MAVLink2 message EVENT
Ignoring MAVLink2 message CURRENT_EVENT_SEQUENCE
Ignoring MAVLink2 message REQUEST_EVENT
Ignoring MAVLink2 message RESPONSE_EVENT_ERROR
Ignoring MAVLink2 message CANFD_FRAME
Ignoring MAVLink2 message CAN_FILTER_MODIFY
Ignoring MAVLink2 message WHEEL_DISTANCE
Ignoring MAVLink2 message WINCH_STATUS
Ignoring MAVLink2 message OPEN_DRONE_ID_BASIC_ID
Ignoring MAVLink2 message OPEN_DRONE_ID_LOCATION
Ignoring MAVLink2 message OPEN_DRONE_ID_AUTHENTICATION
Ignoring MAVLink2 message OPEN_DRONE_ID_SELF_ID
Ignoring MAVLink2 message OPEN_DRONE_ID_SYSTEM
Ignoring MAVLink2 message OPEN_DRONE_ID_OPERATOR_ID
Ignoring MAVLink2 message OPEN_DRONE_ID_MESSAGE_PACK
Ignoring MAVLink2 message OPEN_DRONE_ID_ARM_STATUS
Ignoring MAVLink2 message OPEN_DRONE_ID_SYSTEM_UPDATE
Ignoring MAVLink2 message HYGROMETER_SENSOR
Ignoring MAVLink2 message SETUP_SIGNING
Ignoring MAVLink2 message BUTTON_CHANGE
Ignoring MAVLink2 message PLAY_TUNE
Ignoring MAVLink2 message CAMERA_INFORMATION
Ignoring MAVLink2 message CAMERA_SETTINGS
Ignoring MAVLink2 message STORAGE_INFORMATION
Ignoring MAVLink2 message CAMERA_CAPTURE_STATUS
Ignoring MAVLink2 message CAMERA_IMAGE_CAPTURED
Ignoring MAVLink2 message FLIGHT_INFORMATION
Ignoring MAVLink2 message MOUNT_ORIENTATION
Ignoring MAVLink2 message LOGGING_DATA
Ignoring MAVLink2 message LOGGING_DATA_ACKED
Ignoring MAVLink2 message LOGGING_ACK
Ignoring MAVLink2 message VIDEO_STREAM_INFORMATION
Ignoring MAVLink2 message VIDEO_STREAM_STATUS
Ignoring MAVLink2 message CAMERA_FOV_STATUS
Ignoring MAVLink2 message CAMERA_TRACKING_IMAGE_STATUS
Ignoring MAVLink2 message CAMERA_TRACKING_GEO_STATUS
Ignoring MAVLink2 message GIMBAL_MANAGER_INFORMATION
Ignoring MAVLink2 message GIMBAL_MANAGER_STATUS
Ignoring MAVLink2 message GIMBAL_MANAGER_SET_ATTITUDE
Ignoring MAVLink2 message GIMBAL_DEVICE_INFORMATION
Ignoring MAVLink2 message GIMBAL_DEVICE_SET_ATTITUDE
Ignoring MAVLink2 message GIMBAL_DEVICE_ATTITUDE_STATUS
Ignoring MAVLink2 message AUTOPILOT_STATE_FOR_GIMBAL_DEVICE
Ignoring MAVLink2 message GIMBAL_MANAGER_SET_PITCHYAW
Ignoring MAVLink2 message GIMBAL_MANAGER_SET_MANUAL_CONTROL
Ignoring MAVLink2 message ESC_INFO
Ignoring MAVLink2 message ESC_STATUS
Ignoring MAVLink2 message WIFI_CONFIG_AP
Ignoring MAVLink2 message AIS_VESSEL
Ignoring MAVLink2 message UAVCAN_NODE_STATUS
Ignoring MAVLink2 message UAVCAN_NODE_INFO
Ignoring MAVLink2 message PARAM_EXT_REQUEST_READ
Ignoring MAVLink2 message PARAM_EXT_REQUEST_LIST
Ignoring MAVLink2 message PARAM_EXT_VALUE
Ignoring MAVLink2 message PARAM_EXT_SET
Ignoring MAVLink2 message PARAM_EXT_ACK
Ignoring MAVLink2 message OBSTACLE_DISTANCE
Ignoring MAVLink2 message ODOMETRY
Ignoring MAVLink2 message TRAJECTORY_REPRESENTATION_WAYPOINTS
Ignoring MAVLink2 message TRAJECTORY_REPRESENTATION_BEZIER
Ignoring MAVLink2 message CELLULAR_STATUS
Ignoring MAVLink2 message ISBD_LINK_STATUS
Ignoring MAVLink2 message CELLULAR_CONFIG
Ignoring MAVLink2 message RAW_RPM
Ignoring MAVLink2 message UTM_GLOBAL_POSITION
Ignoring MAVLink2 message DEBUG_FLOAT_ARRAY
Ignoring MAVLink2 message ORBIT_EXECUTION_STATUS
Ignoring MAVLink2 message SMART_BATTERY_INFO
Ignoring MAVLink2 message GENERATOR_STATUS
Ignoring MAVLink2 message ACTUATOR_OUTPUT_STATUS
Ignoring MAVLink2 message TIME_ESTIMATE_TO_TARGET
Ignoring MAVLink2 message TUNNEL
Ignoring MAVLink2 message CAN_FRAME
Ignoring MAVLink2 message ONBOARD_COMPUTER_STATUS
Ignoring MAVLink2 message COMPONENT_INFORMATION
Ignoring MAVLink2 message COMPONENT_METADATA
Ignoring MAVLink2 message PLAY_TUNE_V2
Ignoring MAVLink2 message SUPPORTED_TUNES
Ignoring MAVLink2 message EVENT
Ignoring MAVLink2 message CURRENT_EVENT_SEQUENCE
Ignoring MAVLink2 message REQUEST_EVENT
Ignoring MAVLink2 message RESPONSE_EVENT_ERROR
Ignoring MAVLink2 message CANFD_FRAME
Ignoring MAVLink2 message CAN_FILTER_MODIFY
Ignoring MAVLink2 message WHEEL_DISTANCE
Ignoring MAVLink2 message WINCH_STATUS
Ignoring MAVLink2 message OPEN_DRONE_ID_BASIC_ID
Ignoring MAVLink2 message OPEN_DRONE_ID_LOCATION
Ignoring MAVLink2 message OPEN_DRONE_ID_AUTHENTICATION
Ignoring MAVLink2 message OPEN_DRONE_ID_SELF_ID
Ignoring MAVLink2 message OPEN_DRONE_ID_SYSTEM
Ignoring MAVLink2 message OPEN_DRONE_ID_OPERATOR_ID
Ignoring MAVLink2 message OPEN_DRONE_ID_MESSAGE_PACK
Ignoring MAVLink2 message OPEN_DRONE_ID_ARM_STATUS
Ignoring MAVLink2 message OPEN_DRONE_ID_SYSTEM_UPDATE
Ignoring MAVLink2 message HYGROMETER_SENSOR
Validating /home/weiminn/catkin_ws/src/mavlink/message_definitions/v1.0/standard.xml
Parsing /home/weiminn/catkin_ws/src/mavlink/message_definitions/v1.0/standard.xml
Validating /home/weiminn/catkin_ws/src/mavlink/message_definitions/v1.0/minimal.xml
Parsing /home/weiminn/catkin_ws/src/mavlink/message_definitions/v1.0/minimal.xml
Ignoring MAVLink2 message SETUP_SIGNING
Ignoring MAVLink2 message BUTTON_CHANGE
Ignoring MAVLink2 message PLAY_TUNE
Ignoring MAVLink2 message CAMERA_INFORMATION
Ignoring MAVLink2 message CAMERA_SETTINGS
Ignoring MAVLink2 message STORAGE_INFORMATION
Ignoring MAVLink2 message CAMERA_CAPTURE_STATUS
Ignoring MAVLink2 message CAMERA_IMAGE_CAPTURED
Ignoring MAVLink2 message FLIGHT_INFORMATION
Ignoring MAVLink2 message MOUNT_ORIENTATION
Ignoring MAVLink2 message LOGGING_DATA
Ignoring MAVLink2 message LOGGING_DATA_ACKED
Ignoring MAVLink2 message LOGGING_ACK
Ignoring MAVLink2 message VIDEO_STREAM_INFORMATION
Ignoring MAVLink2 message VIDEO_STREAM_STATUS
Ignoring MAVLink2 message CAMERA_FOV_STATUS
Ignoring MAVLink2 message CAMERA_TRACKING_IMAGE_STATUS
Ignoring MAVLink2 message CAMERA_TRACKING_GEO_STATUS
Ignoring MAVLink2 message GIMBAL_MANAGER_INFORMATION
Ignoring MAVLink2 message GIMBAL_MANAGER_STATUS
Ignoring MAVLink2 message GIMBAL_MANAGER_SET_ATTITUDE
Ignoring MAVLink2 message GIMBAL_DEVICE_INFORMATION
Ignoring MAVLink2 message GIMBAL_DEVICE_SET_ATTITUDE
Ignoring MAVLink2 message GIMBAL_DEVICE_ATTITUDE_STATUS
Ignoring MAVLink2 message AUTOPILOT_STATE_FOR_GIMBAL_DEVICE
Ignoring MAVLink2 message GIMBAL_MANAGER_SET_PITCHYAW
Ignoring MAVLink2 message GIMBAL_MANAGER_SET_MANUAL_CONTROL
Ignoring MAVLink2 message ESC_INFO
Ignoring MAVLink2 message ESC_STATUS
Ignoring MAVLink2 message WIFI_CONFIG_AP
Ignoring MAVLink2 message AIS_VESSEL
Ignoring MAVLink2 message UAVCAN_NODE_STATUS
Ignoring MAVLink2 message UAVCAN_NODE_INFO
Ignoring MAVLink2 message PARAM_EXT_REQUEST_READ
Ignoring MAVLink2 message PARAM_EXT_REQUEST_LIST
Ignoring MAVLink2 message PARAM_EXT_VALUE
Ignoring MAVLink2 message PARAM_EXT_SET
Ignoring MAVLink2 message PARAM_EXT_ACK
Ignoring MAVLink2 message OBSTACLE_DISTANCE
Ignoring MAVLink2 message ODOMETRY
Ignoring MAVLink2 message TRAJECTORY_REPRESENTATION_WAYPOINTS
Ignoring MAVLink2 message TRAJECTORY_REPRESENTATION_BEZIER
Ignoring MAVLink2 message CELLULAR_STATUS
Ignoring MAVLink2 message ISBD_LINK_STATUS
Ignoring MAVLink2 message CELLULAR_CONFIG
Ignoring MAVLink2 message RAW_RPM
Ignoring MAVLink2 message UTM_GLOBAL_POSITION
Ignoring MAVLink2 message DEBUG_FLOAT_ARRAY
Ignoring MAVLink2 message ORBIT_EXECUTION_STATUS
Ignoring MAVLink2 message SMART_BATTERY_INFO
Ignoring MAVLink2 message GENERATOR_STATUS
Ignoring MAVLink2 message ACTUATOR_OUTPUT_STATUS
Ignoring MAVLink2 message TIME_ESTIMATE_TO_TARGET
Ignoring MAVLink2 message TUNNEL
Ignoring MAVLink2 message CAN_FRAME
Ignoring MAVLink2 message ONBOARD_COMPUTER_STATUS
Ignoring MAVLink2 message COMPONENT_INFORMATION
Ignoring MAVLink2 message COMPONENT_METADATA
Ignoring MAVLink2 message PLAY_TUNE_V2
Ignoring MAVLink2 message SUPPORTED_TUNES
Ignoring MAVLink2 message EVENT
Ignoring MAVLink2 message CURRENT_EVENT_SEQUENCE
Ignoring MAVLink2 message REQUEST_EVENT
Ignoring MAVLink2 message RESPONSE_EVENT_ERROR
Ignoring MAVLink2 message CANFD_FRAME
Ignoring MAVLink2 message CAN_FILTER_MODIFY
Ignoring MAVLink2 message WHEEL_DISTANCE
Ignoring MAVLink2 message WINCH_STATUS
Ignoring MAVLink2 message OPEN_DRONE_ID_BASIC_ID
Ignoring MAVLink2 message OPEN_DRONE_ID_LOCATION
Ignoring MAVLink2 message OPEN_DRONE_ID_AUTHENTICATION
Ignoring MAVLink2 message OPEN_DRONE_ID_SELF_ID
Ignoring MAVLink2 message OPEN_DRONE_ID_SYSTEM
Ignoring MAVLink2 message OPEN_DRONE_ID_OPERATOR_ID
Ignoring MAVLink2 message OPEN_DRONE_ID_MESSAGE_PACK
Ignoring MAVLink2 message OPEN_DRONE_ID_ARM_STATUS
Ignoring MAVLink2 message OPEN_DRONE_ID_SYSTEM_UPDATE
Ignoring MAVLink2 message HYGROMETER_SENSOR
Ignoring MAVLink2 message PROTOCOL_VERSION
Validating /home/weiminn/catkin_ws/src/mavlink/message_definitions/v1.0/standard.xml
Parsing /home/weiminn/catkin_ws/src/mavlink/message_definitions/v1.0/standard.xml
Validating /home/weiminn/catkin_ws/src/mavlink/message_definitions/v1.0/minimal.xml
Parsing /home/weiminn/catkin_ws/src/mavlink/message_definitions/v1.0/minimal.xml
Found 145 MAVLink message types in 4 XML files
Generating C implementation in directory include/v1.0/ualberta
Ignoring MAVLink2 message PROTOCOL_VERSION
Generating C implementation in directory include/v1.0/common
Found 147 MAVLink message types in 4 XML files
Generating C implementation in directory include/v1.0/paparazzi
Generating C implementation in directory include/v1.0/common
Validating /home/weiminn/catkin_ws/src/mavlink/message_definitions/v1.0/standard.xml
Parsing /home/weiminn/catkin_ws/src/mavlink/message_definitions/v1.0/standard.xml
Validating /home/weiminn/catkin_ws/src/mavlink/message_definitions/v1.0/minimal.xml
Parsing /home/weiminn/catkin_ws/src/mavlink/message_definitions/v1.0/minimal.xml
Validating /home/weiminn/catkin_ws/src/mavlink/message_definitions/v1.0/standard.xml
Ignoring MAVLink2 message SETUP_SIGNING
Parsing /home/weiminn/catkin_ws/src/mavlink/message_definitions/v1.0/standard.xml
Ignoring MAVLink2 message BUTTON_CHANGE
Ignoring MAVLink2 message PLAY_TUNE
Ignoring MAVLink2 message CAMERA_INFORMATION
Ignoring MAVLink2 message CAMERA_SETTINGS
Ignoring MAVLink2 message STORAGE_INFORMATION
Ignoring MAVLink2 message CAMERA_CAPTURE_STATUS
Ignoring MAVLink2 message CAMERA_IMAGE_CAPTURED
Ignoring MAVLink2 message FLIGHT_INFORMATION
Ignoring MAVLink2 message MOUNT_ORIENTATION
Ignoring MAVLink2 message LOGGING_DATA
Ignoring MAVLink2 message LOGGING_DATA_ACKED
Ignoring MAVLink2 message LOGGING_ACK
Ignoring MAVLink2 message VIDEO_STREAM_INFORMATION
Ignoring MAVLink2 message VIDEO_STREAM_STATUS
Ignoring MAVLink2 message CAMERA_FOV_STATUS
Ignoring MAVLink2 message CAMERA_TRACKING_IMAGE_STATUS
Ignoring MAVLink2 message CAMERA_TRACKING_GEO_STATUS
Ignoring MAVLink2 message GIMBAL_MANAGER_INFORMATION
Ignoring MAVLink2 message GIMBAL_MANAGER_STATUS
Ignoring MAVLink2 message GIMBAL_MANAGER_SET_ATTITUDE
Ignoring MAVLink2 message GIMBAL_DEVICE_INFORMATION
Ignoring MAVLink2 message GIMBAL_DEVICE_SET_ATTITUDE
Ignoring MAVLink2 message GIMBAL_DEVICE_ATTITUDE_STATUS
Ignoring MAVLink2 message AUTOPILOT_STATE_FOR_GIMBAL_DEVICE
Ignoring MAVLink2 message GIMBAL_MANAGER_SET_PITCHYAW
Ignoring MAVLink2 message GIMBAL_MANAGER_SET_MANUAL_CONTROL
Ignoring MAVLink2 message ESC_INFO
Ignoring MAVLink2 message ESC_STATUS
Ignoring MAVLink2 message WIFI_CONFIG_AP
Ignoring MAVLink2 message AIS_VESSEL
Ignoring MAVLink2 message UAVCAN_NODE_STATUS
Ignoring MAVLink2 message UAVCAN_NODE_INFO
Ignoring MAVLink2 message PARAM_EXT_REQUEST_READ
Ignoring MAVLink2 message PARAM_EXT_REQUEST_LIST
Ignoring MAVLink2 message PARAM_EXT_VALUE
Ignoring MAVLink2 message PARAM_EXT_SET
Ignoring MAVLink2 message PARAM_EXT_ACK
Ignoring MAVLink2 message OBSTACLE_DISTANCE
Ignoring MAVLink2 message ODOMETRY
Ignoring MAVLink2 message TRAJECTORY_REPRESENTATION_WAYPOINTS
Ignoring MAVLink2 message TRAJECTORY_REPRESENTATION_BEZIER
Ignoring MAVLink2 message CELLULAR_STATUS
Ignoring MAVLink2 message ISBD_LINK_STATUS
Ignoring MAVLink2 message CELLULAR_CONFIG
Ignoring MAVLink2 message RAW_RPM
Ignoring MAVLink2 message UTM_GLOBAL_POSITION
Ignoring MAVLink2 message DEBUG_FLOAT_ARRAY
Ignoring MAVLink2 message ORBIT_EXECUTION_STATUS
Ignoring MAVLink2 message SMART_BATTERY_INFO
Ignoring MAVLink2 message GENERATOR_STATUS
Ignoring MAVLink2 message ACTUATOR_OUTPUT_STATUS
Ignoring MAVLink2 message TIME_ESTIMATE_TO_TARGET
Ignoring MAVLink2 message TUNNEL
Ignoring MAVLink2 message CAN_FRAME
Ignoring MAVLink2 message ONBOARD_COMPUTER_STATUS
Ignoring MAVLink2 message COMPONENT_INFORMATION
Ignoring MAVLink2 message COMPONENT_METADATA
Ignoring MAVLink2 message PLAY_TUNE_V2
Ignoring MAVLink2 message SUPPORTED_TUNES
Ignoring MAVLink2 message EVENT
Ignoring MAVLink2 message CURRENT_EVENT_SEQUENCE
Ignoring MAVLink2 message REQUEST_EVENT
Ignoring MAVLink2 message RESPONSE_EVENT_ERROR
Ignoring MAVLink2 message CANFD_FRAME
Ignoring MAVLink2 message CAN_FILTER_MODIFY
Ignoring MAVLink2 message WHEEL_DISTANCE
Ignoring MAVLink2 message WINCH_STATUS
Ignoring MAVLink2 message OPEN_DRONE_ID_BASIC_ID
Ignoring MAVLink2 message OPEN_DRONE_ID_LOCATION
Ignoring MAVLink2 message OPEN_DRONE_ID_AUTHENTICATION
Ignoring MAVLink2 message OPEN_DRONE_ID_SELF_ID
Ignoring MAVLink2 message OPEN_DRONE_ID_SYSTEM
Ignoring MAVLink2 message OPEN_DRONE_ID_OPERATOR_ID
Ignoring MAVLink2 message OPEN_DRONE_ID_MESSAGE_PACK
Ignoring MAVLink2 message OPEN_DRONE_ID_ARM_STATUS
Ignoring MAVLink2 message OPEN_DRONE_ID_SYSTEM_UPDATE
Ignoring MAVLink2 message HYGROMETER_SENSOR
Validating /home/weiminn/catkin_ws/src/mavlink/message_definitions/v1.0/minimal.xml
Ignoring MAVLink2 message PROTOCOL_VERSION
Parsing /home/weiminn/catkin_ws/src/mavlink/message_definitions/v1.0/minimal.xml
Found 142 MAVLink message types in 4 XML files
Generating C implementation in directory include/v1.0/uAvionix
Generating C implementation in directory include/v1.0/common
Found 226 MAVLink message types in 4 XML files
Validating /home/weiminn/catkin_ws/src/mavlink/message_definitions/v1.0/ASLUAV.xml
Generating C headers
Generating C implementation in directory include/v2.0/cubepilot
Validating /home/weiminn/catkin_ws/src/mavlink/message_definitions/v1.0/uAvionix.xml
Parsing /home/weiminn/catkin_ws/src/mavlink/message_definitions/v1.0/uAvionix.xml
Ignoring MAVLink2 message UAVIONIX_ADSB_OUT_CFG
Ignoring MAVLink2 message UAVIONIX_ADSB_OUT_DYNAMIC
Ignoring MAVLink2 message UAVIONIX_ADSB_TRANSCEIVER_HEALTH_REPORT
Validating /home/weiminn/catkin_ws/src/mavlink/message_definitions/v1.0/icarous.xml
Parsing /home/weiminn/catkin_ws/src/mavlink/message_definitions/v1.0/icarous.xml
Ignoring MAVLink2 message ICAROUS_HEARTBEAT
Ignoring MAVLink2 message ICAROUS_KINEMATIC_BANDS
Validating /home/weiminn/catkin_ws/src/mavlink/message_definitions/v1.0/cubepilot.xml
Parsing /home/weiminn/catkin_ws/src/mavlink/message_definitions/v1.0/cubepilot.xml
Ignoring MAVLink2 message CUBEPILOT_RAW_RC
Ignoring MAVLink2 message HERELINK_VIDEO_STREAM_INFORMATION
Ignoring MAVLink2 message HERELINK_TELEM
Ignoring MAVLink2 message CUBEPILOT_FIRMWARE_UPDATE_START
Ignoring MAVLink2 message CUBEPILOT_FIRMWARE_UPDATE_RESP
Validating /home/weiminn/catkin_ws/src/mavlink/message_definitions/v1.0/standard.xml
Parsing /home/weiminn/catkin_ws/src/mavlink/message_definitions/v1.0/standard.xml
Parsing /home/weiminn/catkin_ws/src/mavlink/message_definitions/v1.0/ASLUAV.xml
Validating /home/weiminn/catkin_ws/src/mavlink/message_definitions/v1.0/minimal.xml
Parsing /home/weiminn/catkin_ws/src/mavlink/message_definitions/v1.0/minimal.xml
Generating C implementation in directory include/v2.0/common
Ignoring MAVLink2 message PROTOCOL_VERSION
Merged enum MAV_CMD
Merged enum MAV_CMD
Found 190 MAVLink message types in 8 XML files
Generating C implementation in directory include/v1.0/storm32
Validating /home/weiminn/catkin_ws/src/mavlink/message_definitions/v1.0/cubepilot.xml
Parsing /home/weiminn/catkin_ws/src/mavlink/message_definitions/v1.0/cubepilot.xml
Ignoring MAVLink2 message CUBEPILOT_RAW_RC
Ignoring MAVLink2 message HERELINK_VIDEO_STREAM_INFORMATION
Ignoring MAVLink2 message HERELINK_TELEM
Ignoring MAVLink2 message CUBEPILOT_FIRMWARE_UPDATE_START
Ignoring MAVLink2 message CUBEPILOT_FIRMWARE_UPDATE_RESP
Validating /home/weiminn/catkin_ws/src/mavlink/message_definitions/v1.0/common.xml
Validating /home/weiminn/catkin_ws/src/mavlink/message_definitions/v1.0/common.xml
Generating C implementation in directory include/v1.0/ardupilotmega
Validating /home/weiminn/catkin_ws/src/mavlink/message_definitions/v1.0/standard.xml
Parsing /home/weiminn/catkin_ws/src/mavlink/message_definitions/v1.0/standard.xml
Validating /home/weiminn/catkin_ws/src/mavlink/message_definitions/v1.0/minimal.xml
Parsing /home/weiminn/catkin_ws/src/mavlink/message_definitions/v1.0/minimal.xml
Found 226 MAVLink message types in 4 XML files
Generating C headers
Generating C implementation in directory include/v2.0/paparazzi
Generating C implementation in directory include/v2.0/common
Parsing /home/weiminn/catkin_ws/src/mavlink/message_definitions/v1.0/common.xml
Parsing /home/weiminn/catkin_ws/src/mavlink/message_definitions/v1.0/common.xml
Generating C implementation in directory include/v1.0/common
Ignoring MAVLink2 message SETUP_SIGNING
Ignoring MAVLink2 message BUTTON_CHANGE
Ignoring MAVLink2 message PLAY_TUNE
Ignoring MAVLink2 message CAMERA_INFORMATION
Ignoring MAVLink2 message CAMERA_SETTINGS
Ignoring MAVLink2 message STORAGE_INFORMATION
Ignoring MAVLink2 message CAMERA_CAPTURE_STATUS
Ignoring MAVLink2 message CAMERA_IMAGE_CAPTURED
Ignoring MAVLink2 message FLIGHT_INFORMATION
Ignoring MAVLink2 message MOUNT_ORIENTATION
Ignoring MAVLink2 message LOGGING_DATA
Ignoring MAVLink2 message LOGGING_DATA_ACKED
Ignoring MAVLink2 message LOGGING_ACK
Ignoring MAVLink2 message VIDEO_STREAM_INFORMATION
Ignoring MAVLink2 message VIDEO_STREAM_STATUS
Ignoring MAVLink2 message CAMERA_FOV_STATUS
Ignoring MAVLink2 message CAMERA_TRACKING_IMAGE_STATUS
Ignoring MAVLink2 message CAMERA_TRACKING_GEO_STATUS
Ignoring MAVLink2 message GIMBAL_MANAGER_INFORMATION
Ignoring MAVLink2 message GIMBAL_MANAGER_STATUS
Ignoring MAVLink2 message GIMBAL_MANAGER_SET_ATTITUDE
Ignoring MAVLink2 message GIMBAL_DEVICE_INFORMATION
Ignoring MAVLink2 message GIMBAL_DEVICE_SET_ATTITUDE
Ignoring MAVLink2 message GIMBAL_DEVICE_ATTITUDE_STATUS
Ignoring MAVLink2 message AUTOPILOT_STATE_FOR_GIMBAL_DEVICE
Ignoring MAVLink2 message GIMBAL_MANAGER_SET_PITCHYAW
Ignoring MAVLink2 message GIMBAL_MANAGER_SET_MANUAL_CONTROL
Ignoring MAVLink2 message ESC_INFO
Ignoring MAVLink2 message ESC_STATUS
Ignoring MAVLink2 message WIFI_CONFIG_AP
Ignoring MAVLink2 message AIS_VESSEL
Ignoring MAVLink2 message UAVCAN_NODE_STATUS
Ignoring MAVLink2 message UAVCAN_NODE_INFO
Ignoring MAVLink2 message PARAM_EXT_REQUEST_READ
Ignoring MAVLink2 message PARAM_EXT_REQUEST_LIST
Ignoring MAVLink2 message PARAM_EXT_VALUE
Ignoring MAVLink2 message PARAM_EXT_SET
Ignoring MAVLink2 message PARAM_EXT_ACK
Ignoring MAVLink2 message OBSTACLE_DISTANCE
Ignoring MAVLink2 message ODOMETRY
Ignoring MAVLink2 message TRAJECTORY_REPRESENTATION_WAYPOINTS
Ignoring MAVLink2 message TRAJECTORY_REPRESENTATION_BEZIER
Ignoring MAVLink2 message CELLULAR_STATUS
Ignoring MAVLink2 message ISBD_LINK_STATUS
Ignoring MAVLink2 message CELLULAR_CONFIG
Ignoring MAVLink2 message RAW_RPM
Ignoring MAVLink2 message UTM_GLOBAL_POSITION
Ignoring MAVLink2 message DEBUG_FLOAT_ARRAY
Ignoring MAVLink2 message ORBIT_EXECUTION_STATUS
Ignoring MAVLink2 message SMART_BATTERY_INFO
Ignoring MAVLink2 message GENERATOR_STATUS
Ignoring MAVLink2 message ACTUATOR_OUTPUT_STATUS
Ignoring MAVLink2 message TIME_ESTIMATE_TO_TARGET
Ignoring MAVLink2 message TUNNEL
Ignoring MAVLink2 message CAN_FRAME
Ignoring MAVLink2 message ONBOARD_COMPUTER_STATUS
Ignoring MAVLink2 message COMPONENT_INFORMATION
Ignoring MAVLink2 message COMPONENT_METADATA
Ignoring MAVLink2 message PLAY_TUNE_V2
Ignoring MAVLink2 message SUPPORTED_TUNES
Ignoring MAVLink2 message EVENT
Ignoring MAVLink2 message CURRENT_EVENT_SEQUENCE
Ignoring MAVLink2 message REQUEST_EVENT
Ignoring MAVLink2 message RESPONSE_EVENT_ERROR
Ignoring MAVLink2 message CANFD_FRAME
Ignoring MAVLink2 message CAN_FILTER_MODIFY
Ignoring MAVLink2 message WHEEL_DISTANCE
Ignoring MAVLink2 message WINCH_STATUS
Ignoring MAVLink2 message OPEN_DRONE_ID_BASIC_ID
Ignoring MAVLink2 message OPEN_DRONE_ID_LOCATION
Ignoring MAVLink2 message OPEN_DRONE_ID_AUTHENTICATION
Ignoring MAVLink2 message OPEN_DRONE_ID_SELF_ID
Ignoring MAVLink2 message OPEN_DRONE_ID_SYSTEM
Ignoring MAVLink2 message OPEN_DRONE_ID_OPERATOR_ID
Ignoring MAVLink2 message OPEN_DRONE_ID_MESSAGE_PACK
Ignoring MAVLink2 message OPEN_DRONE_ID_ARM_STATUS
Ignoring MAVLink2 message OPEN_DRONE_ID_SYSTEM_UPDATE
Ignoring MAVLink2 message HYGROMETER_SENSOR
Validating /home/weiminn/catkin_ws/src/mavlink/message_definitions/v1.0/standard.xml
Parsing /home/weiminn/catkin_ws/src/mavlink/message_definitions/v1.0/standard.xml
Validating /home/weiminn/catkin_ws/src/mavlink/message_definitions/v1.0/minimal.xml
Parsing /home/weiminn/catkin_ws/src/mavlink/message_definitions/v1.0/minimal.xml
Ignoring MAVLink2 message PROTOCOL_VERSION
Found 142 MAVLink message types in 4 XML files
Generating C implementation in directory include/v1.0/cubepilot
Generating C implementation in directory include/v1.0/common
Validating /home/weiminn/catkin_ws/src/mavlink/message_definitions/v1.0/standard.xml
Parsing /home/weiminn/catkin_ws/src/mavlink/message_definitions/v1.0/standard.xml
Validating /home/weiminn/catkin_ws/src/mavlink/message_definitions/v1.0/minimal.xml
Parsing /home/weiminn/catkin_ws/src/mavlink/message_definitions/v1.0/minimal.xml
Merged enum MAV_CMD
Found 238 MAVLink message types in 4 XML files
Generating C headers
Generating C implementation in directory include/v2.0/ASLUAV
Generating C implementation in directory include/v2.0/common
Generating C implementation in directory include/v1.0/standard
Generating C implementation in directory include/v1.0/minimal
Copying fixed headers for protocol 1.0 to include/v1.0
[ 35%] Built target paparazzi.xml-v1.0
Generating C implementation in directory include/v1.0/standard
Generating C implementation in directory include/v1.0/minimal
Copying fixed headers for protocol 1.0 to include/v1.0
[35m[1mScanning dependencies of target uAvionix.xml-v2.0[0m
[ 35%] Built target ualberta.xml-v1.0
Generating C implementation in directory include/v1.0/standard
Generating C implementation in directory include/v1.0/minimal
Copying fixed headers for protocol 1.0 to include/v1.0
[35m[1mScanning dependencies of target all.xml-v1.0[0m
[ 39%] [34m[1mGenerating uAvionix-v2.0-cxx-stamp[0m
[ 39%] Built target uAvionix.xml-v1.0
[ 42%] [34m[1mGenerating include/v1.0/all/all.h[0m
Generating C implementation in directory include/v1.0/standard
Generating C implementation in directory include/v1.0/minimal
Generating C implementation in directory include/v1.0/uAvionix
Generating C implementation in directory include/v1.0/icarous
Generating C implementation in directory include/v1.0/cubepilot
Generating C implementation in directory include/v1.0/standard
Copying fixed headers for protocol 1.0 to include/v1.0
Generating C implementation in directory include/v1.0/minimal
Copying fixed headers for protocol 1.0 to include/v1.0
[35m[1mScanning dependencies of target ardupilotmega.xml-v1.0[0m
Validating /home/weiminn/catkin_ws/src/mavlink/message_definitions/v1.0/uAvionix.xml
Parsing /home/weiminn/catkin_ws/src/mavlink/message_definitions/v1.0/uAvionix.xml
Validating /home/weiminn/catkin_ws/src/mavlink/message_definitions/v1.0/common.xml
[ 42%] Built target cubepilot.xml-v1.0
[ 42%] Built target storm32.xml-v1.0
Parsing /home/weiminn/catkin_ws/src/mavlink/message_definitions/v1.0/common.xml
[ 46%] Built target ardupilotmega.xml-v1.0
[35m[1mScanning dependencies of target icarous.xml-v2.0[0m
[35m[1mScanning dependencies of target all.xml-v2.0[0m
[35m[1mScanning dependencies of target storm32.xml-v2.0[0m
Validating /home/weiminn/catkin_ws/src/mavlink/message_definitions/v1.0/all.xml
Parsing /home/weiminn/catkin_ws/src/mavlink/message_definitions/v1.0/all.xml
Validating /home/weiminn/catkin_ws/src/mavlink/message_definitions/v1.0/ardupilotmega.xml
[ 50%] [34m[1mGenerating icarous-v2.0-cxx-stamp[0m
[ 53%] [34m[1mGenerating storm32-v2.0-cxx-stamp[0m
Parsing /home/weiminn/catkin_ws/src/mavlink/message_definitions/v1.0/ardupilotmega.xml
[ 57%] [34m[1mGenerating all-v2.0-cxx-stamp[0m
Ignoring MAVLink2 message DEVICE_OP_READ
Ignoring MAVLink2 message DEVICE_OP_READ_REPLY
Ignoring MAVLink2 message DEVICE_OP_WRITE
Ignoring MAVLink2 message DEVICE_OP_WRITE_REPLY
Ignoring MAVLink2 message ADAP_TUNING
Ignoring MAVLink2 message VISION_POSITION_DELTA
Ignoring MAVLink2 message AOA_SSA
Ignoring MAVLink2 message ESC_TELEMETRY_1_TO_4
Ignoring MAVLink2 message ESC_TELEMETRY_5_TO_8
Ignoring MAVLink2 message ESC_TELEMETRY_9_TO_12
Ignoring MAVLink2 message OSD_PARAM_CONFIG
Ignoring MAVLink2 message OSD_PARAM_CONFIG_REPLY
Ignoring MAVLink2 message OSD_PARAM_SHOW_CONFIG
Ignoring MAVLink2 message OSD_PARAM_SHOW_CONFIG_REPLY
Ignoring MAVLink2 message OBSTACLE_DISTANCE_3D
Ignoring MAVLink2 message WATER_DEPTH
Ignoring MAVLink2 message MCU_STATUS
Validating /home/weiminn/catkin_ws/src/mavlink/message_definitions/v1.0/ASLUAV.xml
Parsing /home/weiminn/catkin_ws/src/mavlink/message_definitions/v1.0/ASLUAV.xml
Ignoring MAVLink2 message SENS_POWER
Ignoring MAVLink2 message SENS_MPPT
Ignoring MAVLink2 message ASLCTRL_DATA
Ignoring MAVLink2 message ASLCTRL_DEBUG
Ignoring MAVLink2 message ASLUAV_STATUS
Ignoring MAVLink2 message EKF_EXT
Ignoring MAVLink2 message ASL_OBCTRL
Ignoring MAVLink2 message SENS_ATMOS
Ignoring MAVLink2 message SENS_BATMON
Ignoring MAVLink2 message FW_SOARING_DATA
Ignoring MAVLink2 message SENSORPOD_STATUS
Ignoring MAVLink2 message SENS_POWER_BOARD
Ignoring MAVLink2 message GSM_LINK_STATUS
Ignoring MAVLink2 message SATCOM_LINK_STATUS
Ignoring MAVLink2 message SENSOR_AIRFLOW_ANGLES
Validating /home/weiminn/catkin_ws/src/mavlink/message_definitions/v1.0/common.xml
Validating /home/weiminn/catkin_ws/src/mavlink/message_definitions/v1.0/standard.xml
Parsing /home/weiminn/catkin_ws/src/mavlink/message_definitions/v1.0/standard.xml
Validating /home/weiminn/catkin_ws/src/mavlink/message_definitions/v1.0/minimal.xml
Parsing /home/weiminn/catkin_ws/src/mavlink/message_definitions/v1.0/minimal.xml
Generating C implementation in directory include/v2.0/standard
Generating C implementation in directory include/v2.0/minimal
Found 224 MAVLink message types in 4 XML files
Generating C headers
Generating C implementation in directory include/v2.0/uAvionix
Copying fixed headers for protocol 2.0 to include/v2.0
Parsing /home/weiminn/catkin_ws/src/mavlink/message_definitions/v1.0/common.xml
Generating C++ implementation in directory include/v2.0/cubepilot
Validating /home/weiminn/catkin_ws/src/mavlink/message_definitions/v1.0/icarous.xml
Generating C++ implementation in directory include/v2.0/common
Generating C implementation in directory include/v2.0/common
Parsing /home/weiminn/catkin_ws/src/mavlink/message_definitions/v1.0/icarous.xml
Found 2 MAVLink message types in 1 XML files
Generating C headers
Generating C implementation in directory include/v2.0/icarous
Copying fixed headers for protocol 2.0 to include/v2.0
Generating C++ implementation in directory include/v2.0/icarous
Copying fixed C++ headers for protocol 2.0 to include/v2.0
Generating C implementation in directory include/v2.0/standard
Validating /home/weiminn/catkin_ws/src/mavlink/message_definitions/v1.0/storm32.xml
Generating C implementation in directory include/v2.0/minimal
Parsing /home/weiminn/catkin_ws/src/mavlink/message_definitions/v1.0/storm32.xml
Copying fixed headers for protocol 2.0 to include/v2.0
Generating C++ implementation in directory include/v2.0/paparazzi
Validating /home/weiminn/catkin_ws/src/mavlink/message_definitions/v1.0/ardupilotmega.xml
Generating C++ implementation in directory include/v2.0/common
Parsing /home/weiminn/catkin_ws/src/mavlink/message_definitions/v1.0/ardupilotmega.xml
Validating /home/weiminn/catkin_ws/src/mavlink/message_definitions/v1.0/all.xml
Parsing /home/weiminn/catkin_ws/src/mavlink/message_definitions/v1.0/all.xml
Validating /home/weiminn/catkin_ws/src/mavlink/message_definitions/v1.0/ardupilotmega.xml
Parsing /home/weiminn/catkin_ws/src/mavlink/message_definitions/v1.0/ardupilotmega.xml
[ 57%] Built target icarous.xml-v2.0
Validating /home/weiminn/catkin_ws/src/mavlink/message_definitions/v1.0/common.xml
Validating /home/weiminn/catkin_ws/src/mavlink/message_definitions/v1.0/ASLUAV.xml
Parsing /home/weiminn/catkin_ws/src/mavlink/message_definitions/v1.0/ASLUAV.xml
Ignoring MAVLink2 message SETUP_SIGNING
Ignoring MAVLink2 message BUTTON_CHANGE
Ignoring MAVLink2 message PLAY_TUNE
Ignoring MAVLink2 message CAMERA_INFORMATION
Ignoring MAVLink2 message CAMERA_SETTINGS
Ignoring MAVLink2 message STORAGE_INFORMATION
Ignoring MAVLink2 message CAMERA_CAPTURE_STATUS
Ignoring MAVLink2 message CAMERA_IMAGE_CAPTURED
Ignoring MAVLink2 message FLIGHT_INFORMATION
Ignoring MAVLink2 message MOUNT_ORIENTATION
Ignoring MAVLink2 message LOGGING_DATA
Ignoring MAVLink2 message LOGGING_DATA_ACKED
Ignoring MAVLink2 message LOGGING_ACK
Ignoring MAVLink2 message VIDEO_STREAM_INFORMATION
Ignoring MAVLink2 message VIDEO_STREAM_STATUS
Ignoring MAVLink2 message CAMERA_FOV_STATUS
Ignoring MAVLink2 message CAMERA_TRACKING_IMAGE_STATUS
Ignoring MAVLink2 message CAMERA_TRACKING_GEO_STATUS
Ignoring MAVLink2 message GIMBAL_MANAGER_INFORMATION
Ignoring MAVLink2 message GIMBAL_MANAGER_STATUS
Ignoring MAVLink2 message GIMBAL_MANAGER_SET_ATTITUDE
Ignoring MAVLink2 message GIMBAL_DEVICE_INFORMATION
Ignoring MAVLink2 message GIMBAL_DEVICE_SET_ATTITUDE
Ignoring MAVLink2 message GIMBAL_DEVICE_ATTITUDE_STATUS
Ignoring MAVLink2 message AUTOPILOT_STATE_FOR_GIMBAL_DEVICE
Ignoring MAVLink2 message GIMBAL_MANAGER_SET_PITCHYAW
Ignoring MAVLink2 message GIMBAL_MANAGER_SET_MANUAL_CONTROL
Ignoring MAVLink2 message ESC_INFO
Ignoring MAVLink2 message ESC_STATUS
Ignoring MAVLink2 message WIFI_CONFIG_AP
Ignoring MAVLink2 message AIS_VESSEL
Ignoring MAVLink2 message UAVCAN_NODE_STATUS
Ignoring MAVLink2 message UAVCAN_NODE_INFO
Ignoring MAVLink2 message PARAM_EXT_REQUEST_READ
Ignoring MAVLink2 message PARAM_EXT_REQUEST_LIST
Ignoring MAVLink2 message PARAM_EXT_VALUE
Ignoring MAVLink2 message PARAM_EXT_SET
Ignoring MAVLink2 message PARAM_EXT_ACK
Ignoring MAVLink2 message OBSTACLE_DISTANCE
Ignoring MAVLink2 message ODOMETRY
Ignoring MAVLink2 message TRAJECTORY_REPRESENTATION_WAYPOINTS
Ignoring MAVLink2 message TRAJECTORY_REPRESENTATION_BEZIER
Ignoring MAVLink2 message CELLULAR_STATUS
Ignoring MAVLink2 message ISBD_LINK_STATUS
Ignoring MAVLink2 message CELLULAR_CONFIG
Ignoring MAVLink2 message RAW_RPM
Ignoring MAVLink2 message UTM_GLOBAL_POSITION
Ignoring MAVLink2 message DEBUG_FLOAT_ARRAY
Ignoring MAVLink2 message ORBIT_EXECUTION_STATUS
Ignoring MAVLink2 message SMART_BATTERY_INFO
Ignoring MAVLink2 message GENERATOR_STATUS
Ignoring MAVLink2 message ACTUATOR_OUTPUT_STATUS
Ignoring MAVLink2 message TIME_ESTIMATE_TO_TARGET
Ignoring MAVLink2 message TUNNEL
Ignoring MAVLink2 message CAN_FRAME
Ignoring MAVLink2 message ONBOARD_COMPUTER_STATUS
Ignoring MAVLink2 message COMPONENT_INFORMATION
Ignoring MAVLink2 message COMPONENT_METADATA
Ignoring MAVLink2 message PLAY_TUNE_V2
Ignoring MAVLink2 message SUPPORTED_TUNES
Ignoring MAVLink2 message EVENT
Ignoring MAVLink2 message CURRENT_EVENT_SEQUENCE
Ignoring MAVLink2 message REQUEST_EVENT
Ignoring MAVLink2 message RESPONSE_EVENT_ERROR
Ignoring MAVLink2 message CANFD_FRAME
Ignoring MAVLink2 message CAN_FILTER_MODIFY
Ignoring MAVLink2 message WHEEL_DISTANCE
Ignoring MAVLink2 message WINCH_STATUS
Ignoring MAVLink2 message OPEN_DRONE_ID_BASIC_ID
Ignoring MAVLink2 message OPEN_DRONE_ID_LOCATION
Ignoring MAVLink2 message OPEN_DRONE_ID_AUTHENTICATION
Ignoring MAVLink2 message OPEN_DRONE_ID_SELF_ID
Ignoring MAVLink2 message OPEN_DRONE_ID_SYSTEM
Ignoring MAVLink2 message OPEN_DRONE_ID_OPERATOR_ID
Ignoring MAVLink2 message OPEN_DRONE_ID_MESSAGE_PACK
Ignoring MAVLink2 message OPEN_DRONE_ID_ARM_STATUS
Ignoring MAVLink2 message OPEN_DRONE_ID_SYSTEM_UPDATE
Ignoring MAVLink2 message HYGROMETER_SENSOR
Validating /home/weiminn/catkin_ws/src/mavlink/message_definitions/v1.0/common.xml
Parsing /home/weiminn/catkin_ws/src/mavlink/message_definitions/v1.0/common.xml
Validating /home/weiminn/catkin_ws/src/mavlink/message_definitions/v1.0/development.xml
Parsing /home/weiminn/catkin_ws/src/mavlink/message_definitions/v1.0/development.xml
Ignoring MAVLink2 message AIRSPEED
Ignoring MAVLink2 message WIFI_NETWORK_INFO
Ignoring MAVLink2 message FIGURE_EIGHT_EXECUTION_STATUS
Ignoring MAVLink2 message BATTERY_STATUS_V2
Ignoring MAVLink2 message COMPONENT_INFORMATION_BASIC
Ignoring MAVLink2 message GROUP_START
Ignoring MAVLink2 message GROUP_END
Ignoring MAVLink2 message AVAILABLE_MODES
Ignoring MAVLink2 message CURRENT_MODE
Validating /home/weiminn/catkin_ws/src/mavlink/message_definitions/v1.0/icarous.xml
Parsing /home/weiminn/catkin_ws/src/mavlink/message_definitions/v1.0/icarous.xml
Ignoring MAVLink2 message ICAROUS_HEARTBEAT
Ignoring MAVLink2 message ICAROUS_KINEMATIC_BANDS
Validating /home/weiminn/catkin_ws/src/mavlink/message_definitions/v1.0/minimal.xml
Parsing /home/weiminn/catkin_ws/src/mavlink/message_definitions/v1.0/minimal.xml
Parsing /home/weiminn/catkin_ws/src/mavlink/message_definitions/v1.0/common.xml
Ignoring MAVLink2 message PROTOCOL_VERSION
Validating /home/weiminn/catkin_ws/src/mavlink/message_definitions/v1.0/python_array_test.xml
Parsing /home/weiminn/catkin_ws/src/mavlink/message_definitions/v1.0/python_array_test.xml
Ignoring MAVLink2 message ARRAY_TEST_0
Ignoring MAVLink2 message ARRAY_TEST_1
Ignoring MAVLink2 message ARRAY_TEST_3
Ignoring MAVLink2 message ARRAY_TEST_4
Ignoring MAVLink2 message ARRAY_TEST_5
Ignoring MAVLink2 message ARRAY_TEST_6
Ignoring MAVLink2 message ARRAY_TEST_7
Ignoring MAVLink2 message ARRAY_TEST_8
Validating /home/weiminn/catkin_ws/src/mavlink/message_definitions/v1.0/standard.xml
Parsing /home/weiminn/catkin_ws/src/mavlink/message_definitions/v1.0/standard.xml
Validating /home/weiminn/catkin_ws/src/mavlink/message_definitions/v1.0/test.xml
Parsing /home/weiminn/catkin_ws/src/mavlink/message_definitions/v1.0/test.xml
Ignoring MAVLink2 message TEST_TYPES
Validating /home/weiminn/catkin_ws/src/mavlink/message_definitions/v1.0/ualberta.xml
Parsing /home/weiminn/catkin_ws/src/mavlink/message_definitions/v1.0/ualberta.xml
Validating /home/weiminn/catkin_ws/src/mavlink/message_definitions/v1.0/uAvionix.xml
[35m[1mScanning dependencies of target development.xml-v1.0[0m
Parsing /home/weiminn/catkin_ws/src/mavlink/message_definitions/v1.0/uAvionix.xml
Ignoring MAVLink2 message UAVIONIX_ADSB_OUT_CFG
Ignoring MAVLink2 message UAVIONIX_ADSB_OUT_DYNAMIC
Ignoring MAVLink2 message UAVIONIX_ADSB_TRANSCEIVER_HEALTH_REPORT
Validating /home/weiminn/catkin_ws/src/mavlink/message_definitions/v1.0/storm32.xml
Parsing /home/weiminn/catkin_ws/src/mavlink/message_definitions/v1.0/storm32.xml
Ignoring MAVLink2 message STORM32_GIMBAL_DEVICE_STATUS
Ignoring MAVLink2 message STORM32_GIMBAL_DEVICE_CONTROL
Ignoring MAVLink2 message STORM32_GIMBAL_MANAGER_INFORMATION
Ignoring MAVLink2 message STORM32_GIMBAL_MANAGER_STATUS
Ignoring MAVLink2 message STORM32_GIMBAL_MANAGER_CONTROL
Ignoring MAVLink2 message STORM32_GIMBAL_MANAGER_CONTROL_PITCHYAW
Ignoring MAVLink2 message STORM32_GIMBAL_MANAGER_CORRECT_ROLL
Ignoring MAVLink2 message STORM32_GIMBAL_MANAGER_PROFILE
Ignoring MAVLink2 message QSHOT_STATUS
Ignoring MAVLink2 message COMPONENT_PREARM_STATUS
Validating /home/weiminn/catkin_ws/src/mavlink/message_definitions/v1.0/AVSSUAS.xml
Parsing /home/weiminn/catkin_ws/src/mavlink/message_definitions/v1.0/AVSSUAS.xml
Ignoring MAVLink2 message AVSS_PRS_SYS_STATUS
Ignoring MAVLink2 message AVSS_DRONE_POSITION
Ignoring MAVLink2 message AVSS_DRONE_IMU
Ignoring MAVLink2 message AVSS_DRONE_OPERATION_MODE
Validating /home/weiminn/catkin_ws/src/mavlink/message_definitions/v1.0/cubepilot.xml
Parsing /home/weiminn/catkin_ws/src/mavlink/message_definitions/v1.0/cubepilot.xml
Ignoring MAVLink2 message CUBEPILOT_RAW_RC
Ignoring MAVLink2 message HERELINK_VIDEO_STREAM_INFORMATION
Ignoring MAVLink2 message HERELINK_TELEM
Ignoring MAVLink2 message CUBEPILOT_FIRMWARE_UPDATE_START
Ignoring MAVLink2 message CUBEPILOT_FIRMWARE_UPDATE_RESP
Merged enum MAV_CMD
Merged enum MAV_CMD
Merged enum MAV_CMD
Merged enum MAV_CMD
Merged enum MAV_CMD
Merged enum MAV_CMD
Found 197 MAVLink message types in 15 XML files
Generating C implementation in directory include/v1.0/all
Generating C implementation in directory include/v1.0/ardupilotmega
[ 60%] [34m[1mGenerating include/v1.0/development/development.h[0m
Validating /home/weiminn/catkin_ws/src/mavlink/message_definitions/v1.0/uAvionix.xml
Parsing /home/weiminn/catkin_ws/src/mavlink/message_definitions/v1.0/uAvionix.xml
Validating /home/weiminn/catkin_ws/src/mavlink/message_definitions/v1.0/icarous.xml
Parsing /home/weiminn/catkin_ws/src/mavlink/message_definitions/v1.0/icarous.xml
Validating /home/weiminn/catkin_ws/src/mavlink/message_definitions/v1.0/cubepilot.xml
Parsing /home/weiminn/catkin_ws/src/mavlink/message_definitions/v1.0/cubepilot.xml
Generating C++ implementation in directory include/v2.0/standard
Generating C++ implementation in directory include/v2.0/minimal
Validating /home/weiminn/catkin_ws/src/mavlink/message_definitions/v1.0/standard.xml
Parsing /home/weiminn/catkin_ws/src/mavlink/message_definitions/v1.0/standard.xml
Validating /home/weiminn/catkin_ws/src/mavlink/message_definitions/v1.0/minimal.xml
Parsing /home/weiminn/catkin_ws/src/mavlink/message_definitions/v1.0/minimal.xml
Merged enum MAV_CMD
Merged enum MAV_CMD
Found 306 MAVLink message types in 8 XML files
Generating C headers
Generating C implementation in directory include/v2.0/storm32
Generating C++ implementation in directory include/v2.0/standard
Generating C++ implementation in directory include/v2.0/minimal
Copying fixed C++ headers for protocol 2.0 to include/v2.0
Copying fixed C++ headers for protocol 2.0 to include/v2.0
Generating C implementation in directory include/v2.0/standard
Generating C implementation in directory include/v2.0/minimal
Validating /home/weiminn/catkin_ws/src/mavlink/message_definitions/v1.0/development.xml
Parsing /home/weiminn/catkin_ws/src/mavlink/message_definitions/v1.0/development.xml
Validating /home/weiminn/catkin_ws/src/mavlink/message_definitions/v1.0/icarous.xml
Copying fixed headers for protocol 2.0 to include/v2.0
Parsing /home/weiminn/catkin_ws/src/mavlink/message_definitions/v1.0/icarous.xml
Validating /home/weiminn/catkin_ws/src/mavlink/message_definitions/v1.0/minimal.xml
Generating C++ implementation in directory include/v2.0/ASLUAV
Parsing /home/weiminn/catkin_ws/src/mavlink/message_definitions/v1.0/minimal.xml
Generating C implementation in directory include/v2.0/ardupilotmega
[ 60%] Built target paparazzi.xml-v2.0
[ 60%] Built target cubepilot.xml-v2.0
Generating C implementation in directory include/v1.0/ASLUAV
Generating C++ implementation in directory include/v2.0/common
Validating /home/weiminn/catkin_ws/src/mavlink/message_definitions/v1.0/python_array_test.xml
Parsing /home/weiminn/catkin_ws/src/mavlink/message_definitions/v1.0/python_array_test.xml
Validating /home/weiminn/catkin_ws/src/mavlink/message_definitions/v1.0/standard.xml
Parsing /home/weiminn/catkin_ws/src/mavlink/message_definitions/v1.0/standard.xml
Validating /home/weiminn/catkin_ws/src/mavlink/message_definitions/v1.0/test.xml
Generating C implementation in directory include/v1.0/common
Parsing /home/weiminn/catkin_ws/src/mavlink/message_definitions/v1.0/test.xml
Validating /home/weiminn/catkin_ws/src/mavlink/message_definitions/v1.0/ualberta.xml
Parsing /home/weiminn/catkin_ws/src/mavlink/message_definitions/v1.0/ualberta.xml
Validating /home/weiminn/catkin_ws/src/mavlink/message_definitions/v1.0/uAvionix.xml
Parsing /home/weiminn/catkin_ws/src/mavlink/message_definitions/v1.0/uAvionix.xml
Validating /home/weiminn/catkin_ws/src/mavlink/message_definitions/v1.0/storm32.xml
[35m[1mScanning dependencies of target ASLUAV.xml-v1.0[0m
Parsing /home/weiminn/catkin_ws/src/mavlink/message_definitions/v1.0/storm32.xml
Validating /home/weiminn/catkin_ws/src/mavlink/message_definitions/v1.0/AVSSUAS.xml
Parsing /home/weiminn/catkin_ws/src/mavlink/message_definitions/v1.0/AVSSUAS.xml
[ 64%] Built target ASLUAV.xml-v1.0
[35m[1mScanning dependencies of target ualberta.xml-v2.0[0m
Validating /home/weiminn/catkin_ws/src/mavlink/message_definitions/v1.0/development.xml
Validating /home/weiminn/catkin_ws/src/mavlink/message_definitions/v1.0/cubepilot.xml
Parsing /home/weiminn/catkin_ws/src/mavlink/message_definitions/v1.0/cubepilot.xml
Parsing /home/weiminn/catkin_ws/src/mavlink/message_definitions/v1.0/development.xml
Merged enum MAV_CMD
Merged enum MAV_CMD
Merged enum MAV_CMD
Merged enum MAV_CMD
Merged enum MAV_CMD
Merged enum MAV_CMD
Ignoring MAVLink2 message AIRSPEED
Ignoring MAVLink2 message WIFI_NETWORK_INFO
Ignoring MAVLink2 message FIGURE_EIGHT_EXECUTION_STATUS
Ignoring MAVLink2 message BATTERY_STATUS_V2
Ignoring MAVLink2 message COMPONENT_INFORMATION_BASIC
Ignoring MAVLink2 message GROUP_START
Ignoring MAVLink2 message GROUP_END
Ignoring MAVLink2 message AVAILABLE_MODES
Ignoring MAVLink2 message CURRENT_MODE
Validating /home/weiminn/catkin_ws/src/mavlink/message_definitions/v1.0/common.xml
Found 350 MAVLink message types in 15 XML files
Generating C headers
Generating C implementation in directory include/v2.0/all
Generating C implementation in directory include/v2.0/ardupilotmega
[ 67%] [34m[1mGenerating ualberta-v2.0-cxx-stamp[0m
Parsing /home/weiminn/catkin_ws/src/mavlink/message_definitions/v1.0/common.xml
[35m[1mScanning dependencies of target AVSSUAS.xml-v2.0[0m
[ 71%] [34m[1mGenerating AVSSUAS-v2.0-cxx-stamp[0m
Ignoring MAVLink2 message SETUP_SIGNING
Ignoring MAVLink2 message BUTTON_CHANGE
Ignoring MAVLink2 message PLAY_TUNE
Ignoring MAVLink2 message CAMERA_INFORMATION
Ignoring MAVLink2 message CAMERA_SETTINGS
Ignoring MAVLink2 message STORAGE_INFORMATION
Ignoring MAVLink2 message CAMERA_CAPTURE_STATUS
Ignoring MAVLink2 message CAMERA_IMAGE_CAPTURED
Ignoring MAVLink2 message FLIGHT_INFORMATION
Ignoring MAVLink2 message MOUNT_ORIENTATION
Ignoring MAVLink2 message LOGGING_DATA
Ignoring MAVLink2 message LOGGING_DATA_ACKED
Ignoring MAVLink2 message LOGGING_ACK
Ignoring MAVLink2 message VIDEO_STREAM_INFORMATION
Ignoring MAVLink2 message VIDEO_STREAM_STATUS
Ignoring MAVLink2 message CAMERA_FOV_STATUS
Ignoring MAVLink2 message CAMERA_TRACKING_IMAGE_STATUS
Ignoring MAVLink2 message CAMERA_TRACKING_GEO_STATUS
Ignoring MAVLink2 message GIMBAL_MANAGER_INFORMATION
Ignoring MAVLink2 message GIMBAL_MANAGER_STATUS
Ignoring MAVLink2 message GIMBAL_MANAGER_SET_ATTITUDE
Ignoring MAVLink2 message GIMBAL_DEVICE_INFORMATION
Ignoring MAVLink2 message GIMBAL_DEVICE_SET_ATTITUDE
Ignoring MAVLink2 message GIMBAL_DEVICE_ATTITUDE_STATUS
Ignoring MAVLink2 message AUTOPILOT_STATE_FOR_GIMBAL_DEVICE
Ignoring MAVLink2 message GIMBAL_MANAGER_SET_PITCHYAW
Ignoring MAVLink2 message GIMBAL_MANAGER_SET_MANUAL_CONTROL
Ignoring MAVLink2 message ESC_INFO
Ignoring MAVLink2 message ESC_STATUS
Ignoring MAVLink2 message WIFI_CONFIG_AP
Ignoring MAVLink2 message AIS_VESSEL
Ignoring MAVLink2 message UAVCAN_NODE_STATUS
Ignoring MAVLink2 message UAVCAN_NODE_INFO
Ignoring MAVLink2 message PARAM_EXT_REQUEST_READ
Ignoring MAVLink2 message PARAM_EXT_REQUEST_LIST
Ignoring MAVLink2 message PARAM_EXT_VALUE
Ignoring MAVLink2 message PARAM_EXT_SET
Ignoring MAVLink2 message PARAM_EXT_ACK
Ignoring MAVLink2 message OBSTACLE_DISTANCE
Ignoring MAVLink2 message ODOMETRY
Ignoring MAVLink2 message TRAJECTORY_REPRESENTATION_WAYPOINTS
Ignoring MAVLink2 message TRAJECTORY_REPRESENTATION_BEZIER
Ignoring MAVLink2 message CELLULAR_STATUS
Ignoring MAVLink2 message ISBD_LINK_STATUS
Ignoring MAVLink2 message CELLULAR_CONFIG
Ignoring MAVLink2 message RAW_RPM
Ignoring MAVLink2 message UTM_GLOBAL_POSITION
Ignoring MAVLink2 message DEBUG_FLOAT_ARRAY
Ignoring MAVLink2 message ORBIT_EXECUTION_STATUS
Ignoring MAVLink2 message SMART_BATTERY_INFO
Ignoring MAVLink2 message GENERATOR_STATUS
Ignoring MAVLink2 message ACTUATOR_OUTPUT_STATUS
Ignoring MAVLink2 message TIME_ESTIMATE_TO_TARGET
Ignoring MAVLink2 message TUNNEL
Ignoring MAVLink2 message CAN_FRAME
Ignoring MAVLink2 message ONBOARD_COMPUTER_STATUS
Ignoring MAVLink2 message COMPONENT_INFORMATION
Ignoring MAVLink2 message COMPONENT_METADATA
Ignoring MAVLink2 message PLAY_TUNE_V2
Ignoring MAVLink2 message SUPPORTED_TUNES
Ignoring MAVLink2 message EVENT
Ignoring MAVLink2 message CURRENT_EVENT_SEQUENCE
Ignoring MAVLink2 message REQUEST_EVENT
Ignoring MAVLink2 message RESPONSE_EVENT_ERROR
Ignoring MAVLink2 message CANFD_FRAME
Ignoring MAVLink2 message CAN_FILTER_MODIFY
Ignoring MAVLink2 message WHEEL_DISTANCE
Ignoring MAVLink2 message WINCH_STATUS
Ignoring MAVLink2 message OPEN_DRONE_ID_BASIC_ID
Ignoring MAVLink2 message OPEN_DRONE_ID_LOCATION
Ignoring MAVLink2 message OPEN_DRONE_ID_AUTHENTICATION
Ignoring MAVLink2 message OPEN_DRONE_ID_SELF_ID
Ignoring MAVLink2 message OPEN_DRONE_ID_SYSTEM
Ignoring MAVLink2 message OPEN_DRONE_ID_OPERATOR_ID
Ignoring MAVLink2 message OPEN_DRONE_ID_MESSAGE_PACK
Ignoring MAVLink2 message OPEN_DRONE_ID_ARM_STATUS
Ignoring MAVLink2 message OPEN_DRONE_ID_SYSTEM_UPDATE
Ignoring MAVLink2 message HYGROMETER_SENSOR
Validating /home/weiminn/catkin_ws/src/mavlink/message_definitions/v1.0/standard.xml
Parsing /home/weiminn/catkin_ws/src/mavlink/message_definitions/v1.0/standard.xml
Validating /home/weiminn/catkin_ws/src/mavlink/message_definitions/v1.0/minimal.xml
Generating C++ implementation in directory include/v2.0/standard
Generating C++ implementation in directory include/v2.0/minimal
Parsing /home/weiminn/catkin_ws/src/mavlink/message_definitions/v1.0/minimal.xml
Copying fixed C++ headers for protocol 2.0 to include/v2.0
Ignoring MAVLink2 message PROTOCOL_VERSION
Merged enum MAV_CMD
Merged enum MAV_CMD
Found 144 MAVLink message types in 4 XML files
Generating C implementation in directory include/v1.0/development
Generating C implementation in directory include/v2.0/common
Generating C implementation in directory include/v1.0/common
Validating /home/weiminn/catkin_ws/src/mavlink/message_definitions/v1.0/AVSSUAS.xml
Parsing /home/weiminn/catkin_ws/src/mavlink/message_definitions/v1.0/AVSSUAS.xml
Validating /home/weiminn/catkin_ws/src/mavlink/message_definitions/v1.0/common.xml
Validating /home/weiminn/catkin_ws/src/mavlink/message_definitions/v1.0/ualberta.xml
Parsing /home/weiminn/catkin_ws/src/mavlink/message_definitions/v1.0/ualberta.xml
Validating /home/weiminn/catkin_ws/src/mavlink/message_definitions/v1.0/common.xml
[ 71%] Built target ASLUAV.xml-v2.0
Parsing /home/weiminn/catkin_ws/src/mavlink/message_definitions/v1.0/common.xml
[35m[1mScanning dependencies of target standard.xml-v2.0[0m
Parsing /home/weiminn/catkin_ws/src/mavlink/message_definitions/v1.0/common.xml
Generating C implementation in directory include/v2.0/ASLUAV
[ 75%] [34m[1mGenerating standard-v2.0-cxx-stamp[0m
Validating /home/weiminn/catkin_ws/src/mavlink/message_definitions/v1.0/standard.xml
Validating /home/weiminn/catkin_ws/src/mavlink/message_definitions/v1.0/standard.xml
Parsing /home/weiminn/catkin_ws/src/mavlink/message_definitions/v1.0/standard.xml
Validating /home/weiminn/catkin_ws/src/mavlink/message_definitions/v1.0/minimal.xml
Parsing /home/weiminn/catkin_ws/src/mavlink/message_definitions/v1.0/standard.xml
Validating /home/weiminn/catkin_ws/src/mavlink/message_definitions/v1.0/minimal.xml
Generating C implementation in directory include/v2.0/common
Parsing /home/weiminn/catkin_ws/src/mavlink/message_definitions/v1.0/minimal.xml
Parsing /home/weiminn/catkin_ws/src/mavlink/message_definitions/v1.0/minimal.xml
Merged enum MAV_CMD
Generating C implementation in directory include/v2.0/standard
Generating C implementation in directory include/v2.0/minimal
Found 225 MAVLink message types in 4 XML files
Generating C headers
Generating C implementation in directory include/v2.0/AVSSUAS
Found 224 MAVLink message types in 4 XML files
Generating C headers
Generating C implementation in directory include/v2.0/ualberta
Copying fixed headers for protocol 2.0 to include/v2.0
Generating C++ implementation in directory include/v2.0/uAvionix
Generating C++ implementation in directory include/v2.0/common
Generating C implementation in directory include/v2.0/common
Generating C implementation in directory include/v2.0/common
Generating C implementation in directory include/v1.0/development
Generating C implementation in directory include/v1.0/icarous
Generating C implementation in directory include/v1.0/minimal
Generating C implementation in directory include/v1.0/python_array_test
Generating C implementation in directory include/v1.0/standard
Generating C implementation in directory include/v1.0/test
Generating C implementation in directory include/v1.0/ualberta
Generating C implementation in directory include/v1.0/uAvionix
Validating /home/weiminn/catkin_ws/src/mavlink/message_definitions/v1.0/standard.xml
Generating C implementation in directory include/v1.0/storm32
Parsing /home/weiminn/catkin_ws/src/mavlink/message_definitions/v1.0/standard.xml
Validating /home/weiminn/catkin_ws/src/mavlink/message_definitions/v1.0/minimal.xml
Generating C implementation in directory include/v1.0/AVSSUAS
Parsing /home/weiminn/catkin_ws/src/mavlink/message_definitions/v1.0/minimal.xml
Generating C implementation in directory include/v1.0/cubepilot
Copying fixed headers for protocol 1.0 to include/v1.0
Found 2 MAVLink message types in 2 XML files
Generating C headers
Generating C implementation in directory include/v2.0/standard
Generating C implementation in directory include/v2.0/minimal
Copying fixed headers for protocol 2.0 to include/v2.0
Generating C++ implementation in directory include/v2.0/standard
Generating C++ implementation in directory include/v2.0/minimal
Copying fixed C++ headers for protocol 2.0 to include/v2.0
[ 75%] Built target all.xml-v1.0
[ 75%] Built target standard.xml-v2.0
[35m[1mScanning dependencies of target common.xml-v1.0[0m
[ 78%] Built target common.xml-v1.0
[35m[1mScanning dependencies of target ardupilotmega.xml-v2.0[0m
Generating C++ implementation in directory include/v2.0/standard
Generating C++ implementation in directory include/v2.0/minimal
Copying fixed C++ headers for protocol 2.0 to include/v2.0
[ 82%] [34m[1mGenerating ardupilotmega-v2.0-cxx-stamp[0m
Generating C implementation in directory include/v1.0/standard
Generating C implementation in directory include/v1.0/minimal
Copying fixed headers for protocol 1.0 to include/v1.0
[ 82%] Built target uAvionix.xml-v2.0
[ 82%] Built target development.xml-v1.0
[35m[1mScanning dependencies of target matrixpilot.xml-v1.0[0m
[ 85%] [34m[1mGenerating include/v1.0/matrixpilot/matrixpilot.h[0m
Validating /home/weiminn/catkin_ws/src/mavlink/message_definitions/v1.0/ardupilotmega.xml
Parsing /home/weiminn/catkin_ws/src/mavlink/message_definitions/v1.0/ardupilotmega.xml
Validating /home/weiminn/catkin_ws/src/mavlink/message_definitions/v1.0/common.xml
Parsing /home/weiminn/catkin_ws/src/mavlink/message_definitions/v1.0/common.xml
Validating /home/weiminn/catkin_ws/src/mavlink/message_definitions/v1.0/matrixpilot.xml
Parsing /home/weiminn/catkin_ws/src/mavlink/message_definitions/v1.0/matrixpilot.xml
Validating /home/weiminn/catkin_ws/src/mavlink/message_definitions/v1.0/common.xml
Parsing /home/weiminn/catkin_ws/src/mavlink/message_definitions/v1.0/common.xml
[35m[1mScanning dependencies of target AVSSUAS.xml-v1.0[0m
[35m[1mScanning dependencies of target development.xml-v2.0[0m
[ 89%] Built target AVSSUAS.xml-v1.0
Ignoring MAVLink2 message SETUP_SIGNING
Ignoring MAVLink2 message BUTTON_CHANGE
Ignoring MAVLink2 message PLAY_TUNE
Ignoring MAVLink2 message CAMERA_INFORMATION
Ignoring MAVLink2 message CAMERA_SETTINGS
Ignoring MAVLink2 message STORAGE_INFORMATION
Ignoring MAVLink2 message CAMERA_CAPTURE_STATUS
Ignoring MAVLink2 message CAMERA_IMAGE_CAPTURED
Ignoring MAVLink2 message FLIGHT_INFORMATION
Ignoring MAVLink2 message MOUNT_ORIENTATION
Ignoring MAVLink2 message LOGGING_DATA
Ignoring MAVLink2 message LOGGING_DATA_ACKED
Ignoring MAVLink2 message LOGGING_ACK
Ignoring MAVLink2 message VIDEO_STREAM_INFORMATION
Ignoring MAVLink2 message VIDEO_STREAM_STATUS
Ignoring MAVLink2 message CAMERA_FOV_STATUS
Ignoring MAVLink2 message CAMERA_TRACKING_IMAGE_STATUS
Ignoring MAVLink2 message CAMERA_TRACKING_GEO_STATUS
Ignoring MAVLink2 message GIMBAL_MANAGER_INFORMATION
Ignoring MAVLink2 message GIMBAL_MANAGER_STATUS
Ignoring MAVLink2 message GIMBAL_MANAGER_SET_ATTITUDE
Ignoring MAVLink2 message GIMBAL_DEVICE_INFORMATION
Ignoring MAVLink2 message GIMBAL_DEVICE_SET_ATTITUDE
Ignoring MAVLink2 message GIMBAL_DEVICE_ATTITUDE_STATUS
Ignoring MAVLink2 message AUTOPILOT_STATE_FOR_GIMBAL_DEVICE
Ignoring MAVLink2 message GIMBAL_MANAGER_SET_PITCHYAW
Ignoring MAVLink2 message GIMBAL_MANAGER_SET_MANUAL_CONTROL
Ignoring MAVLink2 message ESC_INFO
Ignoring MAVLink2 message ESC_STATUS
Ignoring MAVLink2 message WIFI_CONFIG_AP
Ignoring MAVLink2 message AIS_VESSEL
Ignoring MAVLink2 message UAVCAN_NODE_STATUS
Ignoring MAVLink2 message UAVCAN_NODE_INFO
Ignoring MAVLink2 message PARAM_EXT_REQUEST_READ
Ignoring MAVLink2 message PARAM_EXT_REQUEST_LIST
Ignoring MAVLink2 message PARAM_EXT_VALUE
Ignoring MAVLink2 message PARAM_EXT_SET
Ignoring MAVLink2 message PARAM_EXT_ACK
Ignoring MAVLink2 message OBSTACLE_DISTANCE
Ignoring MAVLink2 message ODOMETRY
Ignoring MAVLink2 message TRAJECTORY_REPRESENTATION_WAYPOINTS
Ignoring MAVLink2 message TRAJECTORY_REPRESENTATION_BEZIER
Ignoring MAVLink2 message CELLULAR_STATUS
Ignoring MAVLink2 message ISBD_LINK_STATUS
Ignoring MAVLink2 message CELLULAR_CONFIG
Ignoring MAVLink2 message RAW_RPM
Ignoring MAVLink2 message UTM_GLOBAL_POSITION
Ignoring MAVLink2 message DEBUG_FLOAT_ARRAY
Ignoring MAVLink2 message ORBIT_EXECUTION_STATUS
Ignoring MAVLink2 message SMART_BATTERY_INFO
Ignoring MAVLink2 message GENERATOR_STATUS
Ignoring MAVLink2 message ACTUATOR_OUTPUT_STATUS
Ignoring MAVLink2 message TIME_ESTIMATE_TO_TARGET
Ignoring MAVLink2 message TUNNEL
Ignoring MAVLink2 message CAN_FRAME
Ignoring MAVLink2 message ONBOARD_COMPUTER_STATUS
Ignoring MAVLink2 message COMPONENT_INFORMATION
Ignoring MAVLink2 message COMPONENT_METADATA
Ignoring MAVLink2 message PLAY_TUNE_V2
Ignoring MAVLink2 message SUPPORTED_TUNES
Ignoring MAVLink2 message EVENT
Ignoring MAVLink2 message CURRENT_EVENT_SEQUENCE
Ignoring MAVLink2 message REQUEST_EVENT
Ignoring MAVLink2 message RESPONSE_EVENT_ERROR
Ignoring MAVLink2 message CANFD_FRAME
Ignoring MAVLink2 message CAN_FILTER_MODIFY
Ignoring MAVLink2 message WHEEL_DISTANCE
Ignoring MAVLink2 message WINCH_STATUS
Ignoring MAVLink2 message OPEN_DRONE_ID_BASIC_ID
Ignoring MAVLink2 message OPEN_DRONE_ID_LOCATION
Ignoring MAVLink2 message OPEN_DRONE_ID_AUTHENTICATION
Ignoring MAVLink2 message OPEN_DRONE_ID_SELF_ID
Ignoring MAVLink2 message OPEN_DRONE_ID_SYSTEM
Ignoring MAVLink2 message OPEN_DRONE_ID_OPERATOR_ID
Ignoring MAVLink2 message OPEN_DRONE_ID_MESSAGE_PACK
Ignoring MAVLink2 message OPEN_DRONE_ID_ARM_STATUS
Ignoring MAVLink2 message OPEN_DRONE_ID_SYSTEM_UPDATE
Ignoring MAVLink2 message HYGROMETER_SENSOR
Validating /home/weiminn/catkin_ws/src/mavlink/message_definitions/v1.0/uAvionix.xml
Parsing /home/weiminn/catkin_ws/src/mavlink/message_definitions/v1.0/uAvionix.xml
Validating /home/weiminn/catkin_ws/src/mavlink/message_definitions/v1.0/icarous.xml
Parsing /home/weiminn/catkin_ws/src/mavlink/message_definitions/v1.0/icarous.xml
Validating /home/weiminn/catkin_ws/src/mavlink/message_definitions/v1.0/cubepilot.xml
Parsing /home/weiminn/catkin_ws/src/mavlink/message_definitions/v1.0/cubepilot.xml
Validating /home/weiminn/catkin_ws/src/mavlink/message_definitions/v1.0/standard.xml
Parsing /home/weiminn/catkin_ws/src/mavlink/message_definitions/v1.0/standard.xml
Validating /home/weiminn/catkin_ws/src/mavlink/message_definitions/v1.0/minimal.xml
Parsing /home/weiminn/catkin_ws/src/mavlink/message_definitions/v1.0/minimal.xml
[ 92%] [34m[1mGenerating development-v2.0-cxx-stamp[0m
Validating /home/weiminn/catkin_ws/src/mavlink/message_definitions/v1.0/standard.xml
Parsing /home/weiminn/catkin_ws/src/mavlink/message_definitions/v1.0/standard.xml
Validating /home/weiminn/catkin_ws/src/mavlink/message_definitions/v1.0/minimal.xml
Merged enum MAV_CMD
Parsing /home/weiminn/catkin_ws/src/mavlink/message_definitions/v1.0/minimal.xml
Ignoring MAVLink2 message PROTOCOL_VERSION
Merged enum MAV_CMD
[35m[1mScanning dependencies of target matrixpilot.xml-v2.0[0m
Found 296 MAVLink message types in 7 XML files
Generating C headers
Generating C implementation in directory include/v2.0/ardupilotmega
Found 169 MAVLink message types in 4 XML files
Generating C implementation in directory include/v1.0/matrixpilot
[ 96%] [34m[1mGenerating matrixpilot-v2.0-cxx-stamp[0m
Generating C implementation in directory include/v1.0/common
Generating C implementation in directory include/v2.0/development
Validating /home/weiminn/catkin_ws/src/mavlink/message_definitions/v1.0/matrixpilot.xml
Validating /home/weiminn/catkin_ws/src/mavlink/message_definitions/v1.0/development.xml
Parsing /home/weiminn/catkin_ws/src/mavlink/message_definitions/v1.0/matrixpilot.xml
Parsing /home/weiminn/catkin_ws/src/mavlink/message_definitions/v1.0/development.xml
Validating /home/weiminn/catkin_ws/src/mavlink/message_definitions/v1.0/common.xml
Validating /home/weiminn/catkin_ws/src/mavlink/message_definitions/v1.0/common.xml
Generating C implementation in directory include/v2.0/icarous
Generating C implementation in directory include/v2.0/minimal
Generating C implementation in directory include/v2.0/python_array_test
Generating C implementation in directory include/v2.0/standard
Generating C implementation in directory include/v2.0/minimal
Generating C implementation in directory include/v2.0/uAvionix
Parsing /home/weiminn/catkin_ws/src/mavlink/message_definitions/v1.0/common.xml
Copying fixed headers for protocol 2.0 to include/v2.0
Generating C implementation in directory include/v2.0/standard
Generating C++ implementation in directory include/v2.0/ualberta
Generating C implementation in directory include/v2.0/test
Generating C implementation in directory include/v2.0/icarous
Generating C++ implementation in directory include/v2.0/common
Generating C implementation in directory include/v2.0/cubepilot
Generating C implementation in directory include/v2.0/ualberta
Generating C implementation in directory include/v2.0/uAvionix
Generating C implementation in directory include/v2.0/standard
Parsing /home/weiminn/catkin_ws/src/mavlink/message_definitions/v1.0/common.xml
Generating C implementation in directory include/v2.0/minimal
Generating C implementation in directory include/v2.0/common
Copying fixed headers for protocol 2.0 to include/v2.0
Generating C++ implementation in directory include/v2.0/storm32
Generating C implementation in directory include/v2.0/storm32
Generating C++ implementation in directory include/v2.0/ardupilotmega
Generating C implementation in directory include/v2.0/standard
Generating C implementation in directory include/v2.0/minimal
Copying fixed headers for protocol 2.0 to include/v2.0
Generating C implementation in directory include/v2.0/AVSSUAS
Generating C++ implementation in directory include/v2.0/AVSSUAS
Generating C implementation in directory include/v2.0/cubepilot
Generating C++ implementation in directory include/v2.0/common
Copying fixed headers for protocol 2.0 to include/v2.0
Generating C++ implementation in directory include/v2.0/all
Generating C++ implementation in directory include/v2.0/ardupilotmega
Generating C++ implementation in directory include/v2.0/common
Validating /home/weiminn/catkin_ws/src/mavlink/message_definitions/v1.0/standard.xml
Parsing /home/weiminn/catkin_ws/src/mavlink/message_definitions/v1.0/standard.xml
Validating /home/weiminn/catkin_ws/src/mavlink/message_definitions/v1.0/minimal.xml
Parsing /home/weiminn/catkin_ws/src/mavlink/message_definitions/v1.0/minimal.xml
Merged enum MAV_CMD
Merged enum MAV_CMD
Found 232 MAVLink message types in 4 XML files
Generating C headers
Generating C implementation in directory include/v2.0/development
Validating /home/weiminn/catkin_ws/src/mavlink/message_definitions/v1.0/standard.xml
Parsing /home/weiminn/catkin_ws/src/mavlink/message_definitions/v1.0/standard.xml
Validating /home/weiminn/catkin_ws/src/mavlink/message_definitions/v1.0/minimal.xml
Parsing /home/weiminn/catkin_ws/src/mavlink/message_definitions/v1.0/minimal.xml
Merged enum MAV_CMD
Generating C++ implementation in directory include/v2.0/ASLUAV
Found 248 MAVLink message types in 4 XML files
Generating C headers
Generating C implementation in directory include/v2.0/matrixpilot
Generating C++ implementation in directory include/v2.0/common
Generating C implementation in directory include/v2.0/common
Generating C++ implementation in directory include/v2.0/standard
Generating C++ implementation in directory include/v2.0/minimal
Copying fixed C++ headers for protocol 2.0 to include/v2.0
Generating C implementation in directory include/v2.0/common
[ 96%] Built target ualberta.xml-v2.0
Generating C++ implementation in directory include/v2.0/standard
Generating C++ implementation in directory include/v2.0/minimal
Copying fixed C++ headers for protocol 2.0 to include/v2.0
Generating C++ implementation in directory include/v2.0/uAvionix
Generating C++ implementation in directory include/v2.0/icarous
Generating C++ implementation in directory include/v2.0/cubepilot
Generating C++ implementation in directory include/v2.0/standard
Generating C++ implementation in directory include/v2.0/minimal
Copying fixed C++ headers for protocol 2.0 to include/v2.0
[ 96%] Built target AVSSUAS.xml-v2.0
Generating C implementation in directory include/v1.0/standard
Generating C implementation in directory include/v1.0/minimal
[ 96%] Built target storm32.xml-v2.0
Copying fixed headers for protocol 1.0 to include/v1.0
Generating C++ implementation in directory include/v2.0/development
Generating C++ implementation in directory include/v2.0/icarous
Generating C++ implementation in directory include/v2.0/minimal
Generating C++ implementation in directory include/v2.0/python_array_test
[ 96%] Built target matrixpilot.xml-v1.0
Generating C++ implementation in directory include/v2.0/standard
Generating C++ implementation in directory include/v2.0/test
Generating C++ implementation in directory include/v2.0/ualberta
Generating C++ implementation in directory include/v2.0/uAvionix
Generating C++ implementation in directory include/v2.0/storm32
Generating C++ implementation in directory include/v2.0/AVSSUAS
Generating C++ implementation in directory include/v2.0/cubepilot
Copying fixed C++ headers for protocol 2.0 to include/v2.0
[ 96%] Built target all.xml-v2.0
Generating C implementation in directory include/v2.0/uAvionix
Generating C implementation in directory include/v2.0/icarous
Generating C implementation in directory include/v2.0/cubepilot
Generating C implementation in directory include/v2.0/standard
Generating C implementation in directory include/v2.0/minimal
Copying fixed headers for protocol 2.0 to include/v2.0
Generating C++ implementation in directory include/v2.0/ardupilotmega
Generating C++ implementation in directory include/v2.0/common
Generating C implementation in directory include/v2.0/standard
Generating C implementation in directory include/v2.0/minimal
Copying fixed headers for protocol 2.0 to include/v2.0
Generating C++ implementation in directory include/v2.0/development
Generating C++ implementation in directory include/v2.0/common
Generating C++ implementation in directory include/v2.0/uAvionix
Generating C++ implementation in directory include/v2.0/icarous
Generating C++ implementation in directory include/v2.0/cubepilot
Generating C++ implementation in directory include/v2.0/standard
Generating C++ implementation in directory include/v2.0/minimal
Generating C implementation in directory include/v2.0/standard
Generating C implementation in directory include/v2.0/minimal
Copying fixed C++ headers for protocol 2.0 to include/v2.0
Copying fixed headers for protocol 2.0 to include/v2.0
Generating C++ implementation in directory include/v2.0/matrixpilot
[ 96%] Built target ardupilotmega.xml-v2.0
Generating C++ implementation in directory include/v2.0/common
Generating C++ implementation in directory include/v2.0/standard
Generating C++ implementation in directory include/v2.0/minimal
Copying fixed C++ headers for protocol 2.0 to include/v2.0
[ 96%] Built target development.xml-v2.0
Generating C++ implementation in directory include/v2.0/standard
Generating C++ implementation in directory include/v2.0/minimal
Copying fixed C++ headers for protocol 2.0 to include/v2.0
[ 96%] Built target matrixpilot.xml-v2.0
[35m[1mScanning dependencies of target common.xml-v2.0[0m
[100%] [34m[1mGenerating common-v2.0-cxx-stamp[0m
Validating /home/weiminn/catkin_ws/src/mavlink/message_definitions/v1.0/common.xml
Parsing /home/weiminn/catkin_ws/src/mavlink/message_definitions/v1.0/common.xml
Validating /home/weiminn/catkin_ws/src/mavlink/message_definitions/v1.0/standard.xml
Parsing /home/weiminn/catkin_ws/src/mavlink/message_definitions/v1.0/standard.xml
Validating /home/weiminn/catkin_ws/src/mavlink/message_definitions/v1.0/minimal.xml
Parsing /home/weiminn/catkin_ws/src/mavlink/message_definitions/v1.0/minimal.xml
Found 221 MAVLink message types in 3 XML files
Generating C headers
Generating C implementation in directory include/v2.0/common
Generating C implementation in directory include/v2.0/standard
Generating C implementation in directory include/v2.0/minimal
Copying fixed headers for protocol 2.0 to include/v2.0
Generating C++ implementation in directory include/v2.0/common
Generating C++ implementation in directory include/v2.0/standard
Generating C++ implementation in directory include/v2.0/minimal
Copying fixed C++ headers for protocol 2.0 to include/v2.0
[100%] Built target common.xml-v2.0
